*********************************************************************************************
*                                                                                           *
*                                     WUDESIM REPORT                                        *
*                                                                                           *
*********************************************************************************************

Branch_ID     Pipe_ID       Junc_ID       N_segments    Flow_Corr     Disp_Corr     Rw_Corr       
B1            P1            i1            1             1             1             1             

	Flouride(mg/l) Results                            	Pipe Results
Time          EPANET        WUDESIM                     Reyn_WUDESIM  Pecl_WUDESIM  ResT_WUDESIM  
0             1             1                           747.155       0.0192996     3458.71       
1             1             1                           616.699       0.0233823     4190.36       
2             1             1                           573.214       0.0251561     4508.25       
3             1             1                           573.214       0.0251561     4508.25       
4             1             1                           529.729       0.0272211     4878.33       
5             1             1                           703.669       0.0204923     3672.45       
6             1             1                           759.014       0.0189981     3404.67       
7             1             1                           395.32        0.0364763     6536.96       
8             1             1                           395.32        0.0364763     6536.96       
9             1             1                           794.593       0.0181474     3252.22       
10            1             1                           1458.73       0.00988518    1771.53       
11            1             1                           573.214       0.0251561     4508.25       
12            1             1                           545.541       0.0264321     4736.93       
13            1             1                           403.226       0.0357611     6408.79       
14            1             1                           845.985       0.017045      3054.65       
15            1             1                           363.694       0.0396482     7105.39       
16            1             1                           181.847       0.0792963     14210.8       
17            1             1                           462.524       0.0311763     5587.15       
18            1             1                           221.379       0.0651363     11673.1       
19            1             1                           395.32        0.0364763     6536.96       
20            1             1                           747.155       0.0192996     3458.71       
21            1             1                           925.048       0.0155882     2793.57       
22            1             1                           703.669       0.0204923     3672.45       
23            1             1                           747.155       0.0192996     3458.71       
24            0.986         0.98756                     355.788       0.0405292     7263.29       
25            0.986         1.02094                     652.278       0.0221069     3961.8        
26            1.03501       1.03449                     608.793       0.0236859     4244.78       
27            1.03501       1.00033                     430.899       0.0334645     5997.21       
28            0.996         0.75748                     521.822       0.0276336     4952.24       
29            0.696         0.71457                     628.559       0.0229411     4111.3        
30            0.696         0.971121                    589.027       0.0244808     4387.22       
31            1.001         0.9962                      1019.93       0.0141381     2533.71       
32            1.001         0.999844                    664.137       0.0217121     3891.05       
33            1.001         1.00001                     794.593       0.0181474     3252.22       
34            1.001         1.00011                     664.137       0.0217121     3891.05       
35            1.001         0.877995                    573.214       0.0251561     4508.25       
36            0.861         0.315445                    616.699       0.0233823     4190.36       
37            0.213         0.265133                    683.903       0.0210846     3778.59       
38            0.234         0.174469                    541.588       0.0266251     4771.51       
39            0.139         0.830214                    363.694       0.0396482     7105.39       
40            0.93          0.894484                    403.226       0.0357611     6408.79       
41            0.93          0.911454                    272.771       0.0528642     9473.86       
42            0.93          0.916192                    304.396       0.0473718     8489.56       
43            0.93          0.919581                    438.805       0.0328615     5889.15       
44            0.93          0.922921                    664.137       0.0217121     3891.05       
45            0.93          0.9251                      794.593       0.0181474     3252.22       
46            0.93          0.925816                    747.155       0.0192996     3458.71       
47            0.93          0.92628                     573.214       0.0251561     4508.25       
48            0.93          0.25364                     486.243       0.0296555     5314.6        
49            0.139         0.168664                    810.406       0.0177933     3188.76       
50            0.106         0.131807                    608.793       0.0236859     4244.78       
51            0.106         0.113688                    482.29        0.0298986     5358.17       
52            0.09          0.12089                     521.822       0.0276336     4952.24       
53            0.103         0.120708                    482.29        0.0298986     5358.17       
54            0.103         0.119452                    482.29        0.0298986     5358.17       
55            0.103         0.727597                    747.155       0.0192996     3458.71       

*********************************************************************************************

Branch_ID     Pipe_ID       Junc_ID       N_segments    Flow_Corr     Disp_Corr     Rw_Corr       
B1            P2            i2            1             1             1             1             

	Flouride(mg/l) Results                            	Pipe Results
Time          EPANET        WUDESIM                     Reyn_WUDESIM  Pecl_WUDESIM  ResT_WUDESIM  
0             1             1                           651.212       0.0465994     8351.13       
1             1             1                           537.509       0.0564569     10117.7       
2             1             1                           499.607       0.0607399     10885.3       
3             1             1                           499.607       0.0607399     10885.3       
4             1             1                           461.706       0.065726      11778.8       
5             1             1                           613.311       0.0494791     8867.21       
6             1             1                           661.549       0.0458713     8220.64       
7             1             1                           344.557       0.0880728     15783.6       
8             1             1                           344.557       0.0880728     15783.6       
9             1             1                           692.559       0.0438173     7852.55       
10            1             1                           1271.41       0.023868      4277.41       
11            1             1                           499.607       0.0607399     10885.3       
12            1             1                           475.488       0.0638209     11437.4       
13            1             1                           351.448       0.0863459     15474.1       
14            1             1                           737.352       0.0411555     7375.53       
15            1             1                           316.992       0.0957313     17156.1       
16            1             1                           158.496       0.191463      34312.2       
17            1             1                           403.132       0.0752759     13490.3       
18            1             1                           192.952       0.157273      28185.1       
19            1             1                           344.557       0.0880728     15783.6       
20            1             1                           651.212       0.0465994     8351.13       
21            1             1                           806.263       0.037638      6745.14       
22            1             1                           613.311       0.0494791     8867.21       
23            1             1                           651.212       0.0465994     8351.13       
24            0.999965      0.990968                    310.101       0.0978587     17537.4       
25            0.999965      1.00443                     568.519       0.0533775     9565.84       
26            0.999965      1.02808                     530.618       0.0571902     10249.1       
27            0.999965      1.0083                      375.567       0.0808008     14480.4       
28            0.986         0.873711                    454.815       0.0667218     11957.3       
29            1.03489       0.765754                    547.845       0.0553917     9926.81       
30            1.03489       0.916582                    513.39        0.0591093     10593         
31            0.99605       0.983469                    888.957       0.0341368     6117.69       
32            0.696         0.996584                    578.856       0.0524243     9395.02       
33            1.001         0.997189                    692.559       0.0438173     7852.55       
34            1.001         0.997595                    578.856       0.0524243     9395.02       
35            1.001         0.913596                    499.607       0.0607399     10885.3       
36            1.001         0.529942                    537.509       0.0564569     10117.7       
37            1.001         0.354234                    596.083       0.0509092     9123.49       
38            0.861         0.267233                    472.043       0.0642867     11520.9       
39            0.861         0.650091                    316.992       0.0957313     17156.1       
40            0.213054      0.800892                    351.448       0.0863459     15474.1       
41            0.234         0.861346                    237.744       0.127642      22874.8       
42            0.234         0.877717                    265.309       0.11438       20498.2       
43            0.139         0.890348                    382.458       0.0793449     14219.5       
44            0.139         0.903007                    578.856       0.0524243     9395.02       
45            0.93          0.91117                     692.559       0.0438173     7852.55       
46            0.93          0.913916                    651.212       0.0465994     8351.13       
47            0.93          0.915679                    499.607       0.0607399     10885.3       
48            0.93          0.486189                    423.805       0.0716039     12832.2       
49            0.93          0.289852                    706.342       0.0429624     7699.33       
50            0.93          0.203757                    530.618       0.0571902     10249.1       
51            0.139         0.179757                    420.359       0.0721908     12937.4       
52            0.139         0.174678                    454.815       0.0667218     11957.3       
53            0.124061      0.171842                    420.359       0.0721908     12937.4       
54            0.105975      0.167072                    420.359       0.0721908     12937.4       
55            0.09          0.51316                     651.212       0.0465994     8351.13       

*********************************************************************************************

Branch_ID     Pipe_ID       Junc_ID       N_segments    Flow_Corr     Disp_Corr     Rw_Corr       
B1            P3            i3            1             1             1             1             

	Flouride(mg/l) Results                            	Pipe Results
Time          EPANET        WUDESIM                     Reyn_WUDESIM  Pecl_WUDESIM  ResT_WUDESIM  
0             1             1                           592.628       0.0514736     9224.65       
1             1             1                           489.153       0.0623623     11176         
2             1             1                           454.662       0.0670932     12023.9       
3             1             1                           454.662       0.0670932     12023.9       
4             1             1                           420.17        0.0726009     13010.9       
5             1             1                           558.136       0.0546546     9794.71       
6             1             1                           602.035       0.0506694     9080.51       
7             1             1                           313.56        0.0972852     17434.6       
8             1             1                           313.56        0.0972852     17434.6       
9             1             1                           630.255       0.0484006     8673.92       
10            1             1                           1157.04       0.0263646     4724.82       
11            1             1                           454.662       0.0670932     12023.9       
12            1             1                           432.713       0.0704965     12633.8       
13            1             1                           319.831       0.0953776     17092.7       
14            1             1                           671.018       0.0454604     8147          
15            1             1                           288.475       0.105745      18950.6       
16            1             1                           144.238       0.21149       37901.3       
17            1             1                           366.865       0.0831497     14901.4       
18            1             1                           175.593       0.173724      31133.2       
19            1             1                           313.56        0.0972852     17434.6       
20            1             1                           592.628       0.0514736     9224.65       
21            1             1                           733.73        0.0415749     7450.68       
22            1             1                           558.136       0.0546546     9794.71       
23            1             1                           592.628       0.0514736     9224.65       
24            0.999999      0.993759                    282.204       0.108095      19371.8       
25            0.999993      0.997239                    517.374       0.0589607     10566.4       
26            0.999985      1.0215                      482.882       0.0631722     11321.2       
27            0.99998       1.01242                     341.78        0.0892525     15995         
28            0.999965      0.945431                    413.899       0.0737009     13208         
29            0.999965      0.821413                    498.56        0.0611857     10965.1       
30            0.999965      0.889747                    467.204       0.0652921     11701.1       
31            0.986003      0.971547                    808.984       0.0377074     6757.59       
32            1.03486       0.992577                    526.781       0.0579079     10377.7       
33            0.99605       0.993643                    630.255       0.0484006     8673.92       
34            0.696         0.99444                     526.781       0.0579079     10377.7       
35            0.696         0.940232                    454.662       0.0670932     12023.9       
36            1.00099       0.692264                    489.153       0.0623623     11176         
37            1.00099       0.460323                    542.459       0.0562342     10077.8       
38            1.00095       0.371257                    429.577       0.0710111     12726         
39            1.00095       0.562643                    288.475       0.105745      18950.6       
40            1.00095       0.720288                    319.831       0.0953776     17092.7       
41            1.00095       0.812902                    216.356       0.140993      25267.5       
42            1.00095       0.838186                    241.441       0.126344      22642.3       
43            0.861         0.858854                    348.051       0.0876443     15706.8       
44            0.861         0.880125                    526.781       0.0579079     10377.7       
45            0.21313       0.893965                    630.255       0.0484006     8673.92       
46            0.139035      0.899036                    592.628       0.0514736     9224.65       
47            0.93          0.902384                    454.662       0.0670932     12023.9       
48            0.93          0.649804                    385.679       0.0790937     14174.5       
49            0.93          0.419413                    642.798       0.0474562     8504.68       
50            0.93          0.290964                    482.882       0.0631722     11321.2       
51            0.93          0.260375                    382.543       0.079742      14290.6       
52            0.93          0.245432                    413.899       0.0737009     13208         
53            0.93          0.237099                    382.543       0.079742      14290.6       
54            0.93          0.227899                    382.543       0.079742      14290.6       
55            0.139         0.399681                    592.628       0.0514736     9224.65       

*********************************************************************************************

Branch_ID     Pipe_ID       Junc_ID       N_segments    Flow_Corr     Disp_Corr     Rw_Corr       
B1            P4            i4            1             1             1             1             

	Flouride(mg/l) Results                            	Pipe Results
Time          EPANET        WUDESIM                     Reyn_WUDESIM  Pecl_WUDESIM  ResT_WUDESIM  
0             1             1                           472.687       0.0796078     14266.6       
1             1             1                           390.155       0.096448      17284.5       
2             1             1                           362.644       0.103765      18595.8       
3             1             1                           362.644       0.103765      18595.8       
4             1             1                           335.133       0.112283      20122.3       
5             1             1                           445.176       0.0845274     15148.3       
6             1             1                           480.19        0.078364      14043.7       
7             1             1                           250.099       0.150459      26963.9       
8             1             1                           250.099       0.150459      26963.9       
9             1             1                           502.699       0.0748551     13414.9       
10            1             1                           922.866       0.0407747     7307.29       
11            1             1                           362.644       0.103765      18595.8       
12            1             1                           345.137       0.109028      19539.1       
13            1             1                           255.101       0.147509      26435.2       
14            1             1                           535.212       0.0703079     12599.9       
15            1             1                           230.091       0.163542      29308.6       
16            1             1                           115.046       0.327084      58617.2       
17            1             1                           292.616       0.128597      23046.1       
18            1             1                           140.055       0.268676      48149.8       
19            1             1                           250.099       0.150459      26963.9       
20            1             1                           472.687       0.0796078     14266.6       
21            1             1                           585.232       0.0642986     11523         
22            1             1                           445.176       0.0845274     15148.3       
23            1             1                           472.687       0.0796078     14266.6       
24            1             0.996832                    225.089       0.167176      29959.9       
25            1             0.996091                    412.664       0.0911872     16341.8       
26            0.999997      1.01208                     385.153       0.0977005     17509         
27            0.999995      1.01175                     272.608       0.138036      24737.5       
28            0.999991      0.99165                     330.131       0.113984      20427.2       
29            0.999987      0.90136                     397.658       0.0946282     16958.4       
30            0.999983      0.899846                    372.648       0.100979      18096.6       
31            0.999955      0.962164                    645.256       0.0583174     10451.1       
32            0.999955      0.984796                    420.167       0.0895588     16049.9       
33            0.999955      0.986575                    502.699       0.0748551     13414.9       
34            0.999955      0.988152                    420.167       0.0895588     16049.9       
35            0.98613       0.96403                     362.644       0.103765      18595.8       
36            1.03469       0.848295                    390.155       0.096448      17284.5       
37            1.03469       0.645009                    432.671       0.0869704     15586.1       
38            0.996032      0.556952                    342.636       0.109824      19681.7       
39            0.696         0.59105                     230.091       0.163542      29308.6       
40            0.696         0.683171                    255.101       0.147509      26435.2       
41            1.00097       0.770862                    172.568       0.218056      39078.1       
42            1.00097       0.796189                    192.576       0.195401      35018         
43            1.00097       0.818551                    277.61        0.135548      24291.8       
44            1.00097       0.843072                    420.167       0.0895588     16049.9       
45            1.00097       0.860674                    502.699       0.0748551     13414.9       
46            1.00097       0.869435                    472.687       0.0796078     14266.6       
47            1.00097       0.875848                    362.644       0.103765      18595.8       
48            0.861         0.779683                    307.622       0.122324      21921.9       
49            0.21324       0.602447                    512.703       0.0733945     13153.1       
50            0.233861      0.457807                    385.153       0.0977005     17509         
51            0.139035      0.416991                    305.121       0.123327      22101.6       
52            0.93          0.390264                    330.131       0.113984      20427.2       
53            0.93          0.369742                    305.121       0.123327      22101.6       
54            0.93          0.351371                    305.121       0.123327      22101.5       
55            0.93          0.389402                    472.687       0.0796078     14266.6       

*********************************************************************************************

Branch_ID     Pipe_ID       Junc_ID       N_segments    Flow_Corr     Disp_Corr     Rw_Corr       
B1            P5            34            1             1             1             1             

	Flouride(mg/l) Results                            	Pipe Results
Time          EPANET        WUDESIM                     Reyn_WUDESIM  Pecl_WUDESIM  ResT_WUDESIM  
0             1             1                           292.578       0.0866072     15521         
1             1             1                           241.493       0.104928      18804.3       
2             1             1                           224.465       0.112888      20230.8       
3             1             1                           224.465       0.112888      20230.8       
4             1             1                           207.436       0.122155      21891.5       
5             1             1                           275.55        0.0919594     16480.1       
6             1             1                           297.222       0.085254      15278.5       
7             1             1                           154.803       0.163688      29334.6       
8             1             1                           154.803       0.163688      29334.6       
9             1             1                           311.155       0.0814366     14594.4       
10            1             1                           571.224       0.0443598     7949.77       
11            1             1                           224.465       0.112888      20230.8       
12            1             1                           213.629       0.118614      21257         
13            1             1                           157.899       0.160478      28759.5       
14            1             1                           331.279       0.0764896     13707.8       
15            1             1                           142.419       0.177921      31885.5       
16            1             1                           71.2095       0.355843      63771         
17            1             1                           181.12        0.139904      25072.3       
18            1             1                           86.6899       0.292299      52383.3       
19            1             1                           154.803       0.163688      29334.6       
20            1             1                           292.578       0.0866072     15521         
21            1             1                           362.24        0.069952      12536.2       
22            1             1                           275.55        0.0919594     16480.1       
23            1             1                           292.578       0.0866072     15521         
24            1             0.999819                    139.323       0.181875      32594         
25            1             0.999462                    255.425       0.0992046     17778.6       
26            1             1.00021                     238.397       0.106291      19048.5       
27            0.999999      1.00257                     168.736       0.150172      26912.5       
28            0.999998      1.00332                     204.34        0.124006      22223.2       
29            0.999997      0.995997                    246.137       0.102948      18449.5       
30            0.999995      0.97616                     230.657       0.109858      19687.7       
31            0.999991      0.968219                    399.393       0.0634448     11370         
32            0.999981      0.971126                    260.07        0.0974331     17461.1       
33            0.999976      0.97387                     311.155       0.0814366     14594.4       
34            0.999972      0.976849                    260.07        0.0974331     17461.1       
35            0.999941      0.97796                     224.465       0.112888      20230.8       
36            0.999941      0.970516                    241.493       0.104928      18804.3       
37            0.999941      0.931101                    267.81        0.0946171     16956.4       
38            0.999941      0.867602                    212.081       0.11948       21412.2       
39            0.999941      0.817483                    142.419       0.177921      31885.5       
40            0.999941      0.795078                    157.899       0.160478      28759.5       
41            0.98613       0.785014                    106.814       0.237228      42514         
42            0.98613       0.783878                    119.199       0.212581      38096.9       
43            1.03469       0.78529                     171.832       0.147466      26427.6       
44            1.03469       0.790811                    260.07        0.0974331     17461.1       
45            0.996032      0.802456                    311.155       0.0814366     14594.4       
46            0.696         0.816323                    292.578       0.0866072     15521         
47            1.00097       0.828101                    224.465       0.112888      20230.8       
48            1.00097       0.833178                    190.408       0.133079      23849.3       
49            1.00097       0.81582                     317.347       0.0798476     14309.6       
50            1.00097       0.74824                     238.397       0.106291      19048.5       
51            1.00097       0.694256                    188.86        0.13417       24044.8       
52            1.00097       0.653417                    204.34        0.124006      22223.2       
53            0.942655      0.612037                    188.86        0.13417       24044.8       
54            0.861         0.576661                    188.86        0.13417       24044.8       
55            0.213477      0.544816                    292.578       0.0866072     15521         

*********************************************************************************************

