*********************************************************************************************
*                                                                                           *
*                                     WUDESIM REPORT                                        *
*                                                                                           *
*********************************************************************************************

Branch_No     Pipe_ID       Junc_ID       N_segments    Flow_Corr     Disp_Corr     Rw_Corr       Avg_Peclet    
1             P1            34            2             0.666667      0.625         1.08664       0.426992      

Simulated Flouride concnetrations (mg/l)
Time          EPANET        WUDESIM       Reynolds      Peclet        Res_T         
0             0.1           0.1           747.155       0.296035      33158         
1             0.097294      0.0954198     616.699       0.358658      40172.2       
2             0.0946516     0.0913827     573.214       0.385866      43219.7       
3             0.0920647     0.0876502     573.214       0.385866      43219.7       
4             0.0895229     0.084128      529.729       0.417542      46767.6       
5             0.0870317     0.0808276     703.669       0.314329      35207.1       
6             0.0845315     0.077606      759.014       0.29141       32639.9       
7             0.0820244     0.0745433     395.32        0.559506      62668.6       
8             0.0797055     0.0718079     395.32        0.559506      62668.6       
9             0.077455      0.0691787     794.593       0.278361      31178.4       
10            0.0751373     0.0665371     1458.73       0.151628      16983.4       
11            0.0727725     0.0642981     573.214       0.385866      43219.7       
12            0.0705925     0.0619428     545.541       0.405439      45412         
13            0.0684969     0.0596655     403.226       0.548536      61439.8       
14            0.0665316     0.0575396     845.985       0.261452      29284.4       
15            0.0644756     0.0554728     363.694       0.608159      68118         
16            0.0626572     0.0535603     181.847       1.21632       136236        
17            0.0609776     0.0518814     462.524       0.478211      53562.9       
18            0.059228      0.0500667     221.379       0.999119      111908        
19            0.0576242     0.0484648     395.32        0.559506      62668.6       
20            0.056001      0.0468148     747.155       0.296035      33158         
21            0.0543436     0.0452717     925.048       0.239105      26781.5       
22            0.0527053     0.0438819     703.669       0.314329      35207.1       
23            0.0512051     0.0460026     747.155       0.296035      33158         
24            0.0497421     0.0631721     355.788       0.621674      69631.8       
25            0.0483825     0.0712786     652.278       0.339095      37981         
26            0.0470118     0.0875965     608.793       0.363316      40693.9       
27            0.0456856     0.101511      430.899       0.513309      57494.1       
28            0.0444232     0.109572      521.822       0.423868      47476.2       
29            0.0431817     0.119214      628.559       0.351891      39414.2       
30            0.0419612     0.127804      589.027       0.375508      42059.5       
31            0.0407798     0.12353       1019.93       0.216863      24290.2       
32            0.0395911     0.112764      664.137       0.33304       37302.7       
33            0.270649      0.104837      794.593       0.278361      31178.4       
34            0.291487      0.0970094     664.137       0.33304       37302.7       
35            0.303902      0.0924264     573.214       0.385866      43219.7       
36            0.29536       0.0956453     616.699       0.358658      40172.2       
37            0.306395      0.106089      683.903       0.323414      36224.6       
38            0.29769       0.119071      541.588       0.408399      45743.5       
39            0.297042      0.126874      363.694       0.608159      68118         
40            0.0524067     0.125963      403.226       0.548536      61439.8       
41            0.0509641     0.121617      272.771       0.810879      90824.1       
42            0.0495912     0.116678      304.396       0.726632      81387.8       
43            0.0482474     0.111483      438.805       0.50406       56458.2       
44            0.0469128     0.105586      664.137       0.33304       37302.7       
45            0.0455823     0.0989666     794.593       0.278361      31178.4       
46            0.0442748     0.0924886     747.155       0.296035      33158         
47            0.186095      0.0867725     573.214       0.385866      43219.7       
48            0.277509      0.0834374     486.243       0.454883      50950.1       
49            0.269786      0.0867626     810.406       0.27293       30570         
50            0.288957      0.103637      608.793       0.363316      40693.9       
51            0.0611692     0.115478      482.29        0.458612      51367.7       
52            0.0594678     0.123566      521.822       0.423868      47476.2       
53            0.0578058     0.131987      482.29        0.458612      51367.7       
54            0.0561979     0.138475      482.29        0.458612      51367.7       
55            0.0546347     0.143081      747.155       0.296035      33158         

*********************************************************************************************

