*********************************************************************************************
*                                                                                           *
*                                     WUDESIM REPORT                                        *
*                                                                                           *
*********************************************************************************************

Branch_ID     Pipe_ID       Junc_ID       N_segments    Flow_Corr     Disp_Corr     Rw_Corr       
B1            P1            10            3             0.545455      0.518519      1.1513        

	Flouride(mg/l) Results                            	Pipe Results
Time          EPANET        WUDESIM                     Reyn_WUDESIM  Pecl_WUDESIM  ResT_WUDESIM  
0             1             1                           1358.46       0.301043      45592.2       
1             1             1                           1121.27       0.324233      55236.7       
2             1             1                           1045.8        0.347631      59222.9       
3             1             1                           1045.8        0.347631      59222.9       
4             1             1                           959.549       0.378879      64546.3       
5             1             1                           1282.99       0.292231      48274.1       
6             1             1                           1380.03       0.304241      44879.9       
7             1             1                           722.357       0.503287      85740.6       
8             1             1                           722.357       0.503287      85740.6       
9             1             1                           1444.71       0.31592       42870.3       
10            1             1                           2652.24       89.2455       23352.1       
11            1             1                           1045.8        0.347631      59222.9       
12            1             0.999975                    991.894       0.366524      62441.5       
13            1             0.999331                    733.139       0.495886      84479.7       
14            1             0.993281                    1541.75       0.340595      40172.2       
15            1             0.965497                    657.669       0.552791      94174.1       
16            1             0.949826                    334.225       1.08775       185310        
17            1             0.941601                    840.953       0.432311      73649         
18            1             0.92113                     398.914       0.911358      155260        
19            1             0.911686                    722.357       0.503287      85740.6       
20            0.984         0.895209                    1358.46       0.301043      45592.2       
21            0.984         0.872275                    1681.91       0.399143      36824.5       
22            1.0323        0.860071                    1282.99       0.292231      48274.1       
23            0.6942        0.86336                     1358.46       0.301043      45592.2       
24            0.5268        0.849972                    646.887       0.562004      95743.7       
25            0.5268        0.830597                    1185.96       0.306548      52223.8       
26            0.5268        0.787442                    1110.49       0.327381      55773         
27            0.5268        0.745903                    787.046       0.461921      78693.4       
28            0.6927        0.717584                    948.768       0.383185      65279.8       
29            0.6927        0.685116                    1142.83       0.318116      54194.5       
30            0.9583        0.6486                      1067.36       0.340609      58026.5       
31            0.8322        0.6167                      1854.41       0.551148      33399         
32            0.2082        0.579069                    1207.52       0.301074      51291.3       
33            0.1946        0.59127                     1444.71       0.31592       42870.3       
34            0.1338        0.602076                    1207.52       0.301074      51291.3       
35            0.1338        0.574216                    1045.8        0.347631      59222.9       
36            0.1338        0.546825                    1121.27       0.324233      55236.7       
37            0.1338        0.518156                    1239.87       0.29322       49953.2       
38            0.1338        0.487873                    981.112       0.370552      63127.7       
39            0.8072        0.465788                    657.669       0.552791      94174.1       
40            0.8072        0.451351                    733.139       0.495886      84479.7       
41            0.929         0.435666                    495.947       0.733049      124883        
42            0.929         0.425371                    549.854       0.661181      112640        
43            0.12813       0.414236                    797.827       0.455679      77630         
44            0.12813       0.39882                     1207.52       0.301074      51291.3       
45            0.12813       0.377237                    1444.71       0.31592       42870.3       
46            0.1066        0.353467                    1358.46       0.301043      45592.2       
47            0.1061        0.347153                    1045.8        0.347631      59222.9       
48            0.1061        0.364351                    884.079       0.411223      70056.4       
49            0.0902        0.358344                    1477.06       0.323083      41931.5       
50            0.0902        0.335916                    1110.49       0.327381      55773         
51            0.0902        0.319302                    873.298       0.416299      70921.3       
52            0.0902        0.307284                    948.768       0.383185      65279.8       
53            0.0902        0.295037                    873.298       0.416299      70921.3       
54            0.0902        0.284371                    873.298       0.416299      70921.3       
55            0.8443        0.274242                    1358.46       0.301043      45592.2       

*********************************************************************************************

