*********************************************************************************************
*                                                                                           *
*                                     WUDESIM REPORT                                        *
*                                                                                           *
*********************************************************************************************

Branch_No     Pipe_ID       Junc_ID       N_segments    Flow_Corr     Disp_Corr     Rw_Corr       Avg_Peclet    
1             P5            34            2             0.666667      0.625         1.08664       0.426992      

Simulated Flouride concnetrations (mg/l)
Time          EPANET        WUDESIM       Reynolds      Peclet        Res_T         
0             1             1             747.155       0.296035      33158         
1             1             1             616.699       0.358658      40172.2       
2             1             1             573.214       0.385866      43219.7       
3             1             1             573.214       0.385866      43219.7       
4             1             1             529.729       0.417542      46767.6       
5             1             1             703.669       0.314329      35207.1       
6             1             1             759.014       0.29141       32639.9       
7             1             1             395.32        0.559506      62668.6       
8             1             1             395.32        0.559506      62668.6       
9             1             1             794.593       0.278361      31178.4       
10            1             1             1458.73       0.151628      16983.4       
11            1             1             573.214       0.385866      43219.7       
12            1             1             545.541       0.405439      45412         
13            1             1             403.226       0.548536      61439.8       
14            1             1             845.985       0.261452      29284.4       
15            1             1             363.694       0.608159      68118         
16            1             1             181.847       1.21632       136236        
17            1             1             462.524       0.478211      53562.9       
18            1             1             221.379       0.999119      111908        
19            1             1             395.32        0.559506      62668.6       
20            1             1             747.155       0.296035      33158         
21            1             1             925.048       0.239105      26781.5       
22            1             1             703.669       0.314329      35207.1       
23            1             1             747.155       0.296035      33158         
24            1             0.999806      355.788       0.621674      69631.8       
25            1             0.999493      652.278       0.339095      37981         
26            1             1.00044       608.793       0.363316      40693.9       
27            1             1.00217       430.899       0.513309      57494.1       
28            1             1.00217       521.822       0.423868      47476.2       
29            1             0.994002      628.559       0.351891      39414.2       
30            1             0.979312      589.027       0.375508      42059.5       
31            1             0.9761        1019.93       0.216863      24290.2       
32            1             0.978192      664.137       0.33304       37302.7       
33            1             0.979657      794.593       0.278361      31178.4       
34            0.986         0.981289      664.137       0.33304       37302.7       
35            1.03488       0.981217      573.214       0.385866      43219.7       
36            1.03488       0.9728        616.699       0.358658      40172.2       
37            0.996         0.938181      683.903       0.323414      36224.6       
38            0.696         0.890955      541.588       0.408399      45743.5       
39            0.696         0.855721      363.694       0.608159      68118         
40            1.001         0.843721      403.226       0.548536      61439.8       
41            1.001         0.840527      272.771       0.810879      90824.1       
42            1.001         0.841077      304.396       0.726632      81387.8       
43            1.001         0.842648      438.805       0.50406       56458.2       
44            1.001         0.845863      664.137       0.33304       37302.7       
45            1.001         0.851193      794.593       0.278361      31178.4       
46            1.001         0.857216      747.155       0.296035      33158         
47            0.861         0.86246       573.214       0.385866      43219.7       
48            0.213         0.861854      486.243       0.454883      50950.1       
49            0.234         0.841328      810.406       0.27293       30570         
50            0.139         0.787601      608.793       0.363316      40693.9       
51            0.93          0.747269      482.29        0.458612      51367.7       
52            0.93          0.716265      521.822       0.423868      47476.2       
53            0.93          0.684375      482.29        0.458612      51367.7       
54            0.93          0.656506      482.29        0.458612      51367.7       
55            0.93          0.631819      747.155       0.296035      33158         

*********************************************************************************************

