*********************************************************************************************
*                                                                                           *
*                                     WUDESIM REPORT                                        *
*                                                                                           *
*********************************************************************************************

Branch_No     Pipe_ID       Junc_ID       N_segments    Flow_Corr     Disp_Corr     Rw_Corr       Avg_Peclet    
1             P1            10            3             0.545455      0.518519      1.1513        7.26388       

Simulated Chlorine concnetrations (mg/l)
Time          EPANET        WUDESIM       Reynolds      Peclet        Res_T         
0             0.2           0.2           2490.52       0.156259      24868.5       
1             0.191724      0.192981      2055.66       0.324233      30129.1       
2             0.186607      0.186369      1917.3        0.347631      32303.4       
3             0.18141       0.18005       1917.3        0.347631      32303.4       
4             0.176188      0.173908      1759.17       0.378879      35207.1       
5             0.171012      0.168045      2352.15       0.151573      26331.3       
6             0.163301      0.162333      2530.05       0.15795       24479.9       
7             0.156012      0.156704      1324.32       0.503287      46767.6       
8             0.151615      0.151637      1324.32       0.503287      46767.6       
9             0.147264      0.146714      2648.64       0.164107      23383.8       
10            0.140646      0.143468      4862.43       386.544       12737.5       
11            0.133739      0.14571       1917.3        0.347631      32303.4       
12            0.129911      0.157044      1818.47       0.366524      34059         
13            0.126206      0.178043      1344.09       0.495886      46079.9       
14            0.122672      0.191602      2826.54       0.177072      21912.1       
15            0.117101      0.222414      1205.73       0.552791      51367.7       
16            0.113844      0.230286      612.746       1.08775       101078        
17            0.165364      0.231005      1541.75       0.432311      40172.2       
18            0.160695      0.240502      731.342       0.911358      84687.3       
19            0.15635       0.240986      1324.32       0.503287      46767.6       
20            0.448827      0.245719      2490.52       0.156259      24868.5       
21            0.439788      0.257659      3083.5        0.207788      20086.1       
22            0.459895      0.258158      2352.15       0.151573      26331.3       
23            0.453226      0.246771      2490.52       0.156259      24868.5       
24            0.441007      0.256465      1185.96       0.562004      52223.8       
25            0.438834      0.260007      2174.26       0.306548      28485.7       
26            0.409004      0.27295       2035.9        0.327381      30421.7       
27            0.394576      0.28405       1442.92       0.461921      42923.7       
28            0.38329       0.289053      1739.41       0.383185      35607.2       
29            0.372387      0.294749      2095.2        0.318116      29560.7       
30            0.0680846     0.300171      1956.83       0.340609      31650.8       
31            0.342133      0.302833      3399.75       0.287655      18217.6       
32            0.452323      0.299768      2213.79       0.301074      27977.1       
33            0.464504      0.277469      2648.64       0.164107      23383.8       
34            0.479414      0.265071      2213.79       0.301074      27977.1       
35            0.452101      0.272108      1917.3        0.347631      32303.4       
36            0.42301       0.28163       2055.66       0.324233      30129.1       
37            0.407596      0.293119      2273.09       0.29322       27247.2       
38            0.392306      0.305978      1798.71       0.370552      34433.3       
39            0.0840999     0.313428      1205.73       0.552791      51367.7       
40            0.0817606     0.315281      1344.09       0.495886      46079.9       
41            0.0794715     0.317586      909.236       0.733049      68118         
42            0.0772967     0.315982      1008.07       0.661181      61439.8       
43            0.384419      0.314663      1462.68       0.455679      42343.6       
44            0.373601      0.315594      2213.79       0.301074      27977.1       
45            0.451605      0.319513      2648.64       0.164107      23383.8       
46            0.45827       0.323221      2490.52       0.156259      24868.5       
47            0.457333      0.314748      1917.3        0.347631      32303.4       
48            0.456729      0.296398      1620.81       0.411223      38212.6       
49            0.45999       0.290704      2707.94       0.167874      22871.8       
50            0.436052      0.300379      2035.9        0.327381      30421.7       
51            0.421797      0.307386      1601.05       0.416299      38684.3       
52            0.393008      0.311674      1739.41       0.383185      35607.2       
53            0.381829      0.316184      1601.05       0.416299      38684.3       
54            0.36985       0.318252      1601.05       0.416299      38684.3       
55            0.0851658     0.318494      2490.52       0.156259      24868.5       

*********************************************************************************************

