*********************************************************************************************
*                                                                                           *
*                                     WUDESIM REPORT                                        *
*                                                                                           *
*********************************************************************************************

Branch_ID     Pipe_ID       Junc_ID       N_segments    Flow_Corr     Disp_Corr     Rw_Corr       
B1            P1            i1            1             1             1             1             

	Flouride(mg/l) Results                            	Pipe Results
Time          EPANET        WUDESIM                     Reyn_WUDESIM  Pecl_WUDESIM  ResT_WUDESIM  
0             0.1           0.1                         747.155       0.0192996     3458.71       
1             0.0979238     0.0995063                   616.699       0.0233823     4190.36       
2             0.095294      0.0967395                   573.214       0.0251561     4508.25       
3             0.0925536     0.0938354                   573.214       0.0251561     4508.25       
4             0.0897889     0.0909375                   529.729       0.0272211     4878.33       
5             0.0870096     0.0880387                   703.669       0.0204923     3672.45       
6             0.0842395     0.0851704                   759.014       0.0189981     3404.67       
7             0.0813221     0.0821099                   395.32        0.0364763     6536.96       
8             0.0786542     0.0793716                   395.32        0.0364763     6536.96       
9             0.0762463     0.0770801                   794.593       0.0181474     3252.22       
10            0.0741425     0.0750378                   1458.73       0.00988518    1771.53       
11            0.072306      0.0729916                   573.214       0.0251561     4508.25       
12            0.0694298     0.0698064                   545.541       0.0264321     4736.93       
13            0.0670957     0.0676724                   403.226       0.0357611     6408.79       
14            0.0650367     0.0657166                   845.985       0.017045      3054.65       
15            0.0632477     0.0639758                   363.694       0.0396482     7105.39       
16            0.0613835     0.0621052                   181.847       0.0792963     14210.8       
17            0.0596182     0.0603267                   462.524       0.0311763     5587.15       
18            0.0580062     0.0587948                   221.379       0.0651363     11673.1       
19            0.056373      0.0571276                   395.32        0.0364763     6536.96       
20            0.0548778     0.0556663                   747.155       0.0192996     3458.71       
21            0.0535621     0.0542538                   925.048       0.0155882     2793.57       
22            0.0521399     0.0526924                   703.669       0.0204923     3672.45       
23            0.0504023     0.327064                    747.155       0.0192996     3458.71       
24            0.387087      0.376999                    355.788       0.0405292     7263.29       
25            0.374819      0.385232                    652.278       0.0221069     3961.8        
26            0.391098      0.389947                    608.793       0.0236859     4244.78       
27            0.378204      0.397586                    430.899       0.0334645     5997.21       
28            0.390883      0.396214                    521.822       0.0276336     4952.24       
29            0.393955      0.390895                    628.559       0.0229411     4111.3        
30            0.380936      0.105569                    589.027       0.0244808     4387.22       
31            0.0675761     0.0756795                   1019.93       0.0141381     2533.71       
32            0.0658381     0.069583                    664.137       0.0217121     3891.05       
33            0.0638602     0.0670614                   794.593       0.0181474     3252.22       
34            0.0620644     0.0649067                   664.137       0.0217121     3891.05       
35            0.0600049     0.24028                     573.214       0.0251561     4508.25       
36            0.252192      0.366071                    616.699       0.0233823     4190.36       
37            0.377566      0.372068                    683.903       0.0210846     3778.59       
38            0.36501       0.397537                    541.588       0.0266251     4771.51       
39            0.3916        0.127167                    363.694       0.0396482     7105.39       
40            0.0830673     0.0984021                   403.226       0.0357611     6408.79       
41            0.0807147     0.0892999                   272.771       0.0528642     9473.86       
42            0.0784079     0.0849672                   304.396       0.0473718     8489.56       
43            0.0762361     0.081455                    438.805       0.0328615     5889.15       
44            0.0742084     0.0781473                   664.137       0.0217121     3891.05       
45            0.0723635     0.0753817                   794.593       0.0181474     3252.22       
46            0.0704587     0.072974                    747.155       0.0192996     3458.71       
47            0.0685142     0.0707191                   573.214       0.0251561     4508.25       
48            0.0662654     0.289145                    486.243       0.0296555     5314.6        
49            0.311929      0.362763                    810.406       0.0177933     3188.76       
50            0.387379      0.38171                     608.793       0.0236859     4244.78       
51            0.374608      0.398191                    482.29        0.0298986     5358.17       
52            0.395243      0.398481                    521.822       0.0276336     4952.24       
53            0.394302      0.390658                    482.29        0.0298986     5358.17       
54            0.381525      0.373974                    482.29        0.0298986     5358.17       
55            0.363033      0.130349                    747.155       0.0192996     3458.71       

*********************************************************************************************

Branch_ID     Pipe_ID       Junc_ID       N_segments    Flow_Corr     Disp_Corr     Rw_Corr       
B1            P2            i2            1             1             1             1             

	Flouride(mg/l) Results                            	Pipe Results
Time          EPANET        WUDESIM                     Reyn_WUDESIM  Pecl_WUDESIM  ResT_WUDESIM  
0             0.1           0.1                         651.212       0.0465994     8351.13       
1             0.0970036     0.098444                    537.509       0.0564569     10117.7       
2             0.0942779     0.0958757                   499.607       0.0607399     10885.3       
3             0.0916316     0.0929547                   499.607       0.0607399     10885.3       
4             0.0890244     0.090046                    461.706       0.065726      11778.8       
5             0.0864458     0.0871449                   613.311       0.0494791     8867.21       
6             0.083846      0.0843197                   661.549       0.0458713     8220.64       
7             0.0812092     0.0813399                   344.557       0.0880728     15783.6       
8             0.0787462     0.0785708                   344.557       0.0880728     15783.6       
9             0.0763382     0.0761117                   692.559       0.0438173     7852.55       
10            0.0738924     0.0741049                   1271.41       0.023868      4277.41       
11            0.0716396     0.072158                    499.607       0.0607399     10885.3       
12            0.0694663     0.0692324                   475.488       0.0638209     11437.4       
13            0.0672578     0.0668634                   351.448       0.0863459     15474.1       
14            0.0651803     0.0648092                   737.352       0.0411555     7375.53       
15            0.0630567     0.0631298                   316.992       0.0957313     17156.1       
16            0.0611981     0.0611726                   158.496       0.191463      34312.2       
17            0.0594668     0.0593631                   403.132       0.0752759     13490.3       
18            0.057702      0.0578022                   192.952       0.157273      28185.1       
19            0.0560692     0.0560991                   344.557       0.0880728     15783.6       
20            0.0544542     0.0546201                   651.212       0.0465994     8351.13       
21            0.052928      0.0533476                   806.263       0.037638      6745.14       
22            0.0515006     0.0518682                   613.311       0.0494791     8867.21       
23            0.0500781     0.244768                    651.212       0.0465994     8351.13       
24            0.0485091     0.333505                    310.101       0.0978587     17537.4       
25            0.0470639     0.340166                    568.519       0.0533775     9565.84       
26            0.259064      0.354755                    530.618       0.0571902     10249.1       
27            0.316775      0.362639                    375.567       0.0808008     14480.4       
28            0.341399      0.362751                    454.815       0.0667218     11957.3       
29            0.35579       0.361672                    547.845       0.0553917     9926.81       
30            0.344763      0.172083                    513.39        0.0591093     10593         
31            0.355728      0.0944537                   888.957       0.0341368     6117.69       
32            0.357649      0.077216                    578.856       0.0524243     9395.02       
33            0.063439      0.0733306                   692.559       0.0438173     7852.55       
34            0.0615753     0.0701254                   578.856       0.0524243     9395.02       
35            0.0597879     0.188998                    499.607       0.0607399     10885.3       
36            0.0579526     0.301015                    537.509       0.0564569     10117.7       
37            0.0561589     0.338576                    596.083       0.0509092     9123.49       
38            0.236925      0.361473                    472.043       0.0642867     11520.9       
39            0.229659      0.199854                    316.992       0.0957313     17156.1       
40            0.343329      0.135186                    351.448       0.0863459     15474.1       
41            0.333013      0.108552                    237.744       0.127642      22874.8       
42            0.323267      0.0992459                   265.309       0.11438       20498.2       
43            0.347373      0.0918535                   382.458       0.0793449     14219.5       
44            0.336875      0.0850005                   578.856       0.0524243     9395.02       
45            0.0716281     0.0800119                   692.559       0.0438173     7852.55       
46            0.0696461     0.0766834                   651.212       0.0465994     8351.13       
47            0.0677303     0.0737176                   499.607       0.0607399     10885.3       
48            0.0658374     0.211395                    423.805       0.0716039     12832.2       
49            0.0638636     0.299306                    706.342       0.0429624     7699.33       
50            0.061848      0.348656                    530.618       0.0571902     10249.1       
51            0.292827      0.362381                    420.359       0.0721908     12937.4       
52            0.283919      0.365853                    454.815       0.0667218     11957.3       
53            0.33789       0.363219                    420.359       0.0721908     12937.4       
54            0.341666      0.352417                    420.359       0.0721908     12937.4       
55            0.359991      0.209232                    651.212       0.0465994     8351.13       

*********************************************************************************************

Branch_ID     Pipe_ID       Junc_ID       N_segments    Flow_Corr     Disp_Corr     Rw_Corr       
B1            P3            i3            1             1             1             1             

	Flouride(mg/l) Results                            	Pipe Results
Time          EPANET        WUDESIM                     Reyn_WUDESIM  Pecl_WUDESIM  ResT_WUDESIM  
0             0.1           0.1                         592.628       0.0514736     9224.65       
1             0.0968939     0.0975779                   489.153       0.0623623     11176         
2             0.0939813     0.0950126                   454.662       0.0670932     12023.9       
3             0.0912145     0.0920465                   454.662       0.0670932     12023.9       
4             0.0885571     0.0890995                   420.17        0.0726009     13010.9       
5             0.0859908     0.0861817                   558.136       0.0546546     9794.71       
6             0.0834726     0.0833613                   602.035       0.0506694     9080.51       
7             0.0809853     0.0804396                   313.56        0.0972852     17434.6       
8             0.0786086     0.0776878                   313.56        0.0972852     17434.6       
9             0.0762846     0.0751349                   630.255       0.0484006     8673.92       
10            0.0738992     0.0730652                   1157.04       0.0263646     4724.82       
11            0.0715054     0.0711745                   454.662       0.0670932     12023.9       
12            0.0693593     0.0684625                   432.713       0.0704965     12633.8       
13            0.06726       0.0659834                   319.831       0.0953776     17092.7       
14            0.0652452     0.0638707                   671.018       0.0454604     8147          
15            0.0631516     0.0621716                   288.475       0.105745      18950.6       
16            0.061265      0.0602004                   144.238       0.21149       37901.3       
17            0.0595234     0.0584193                   366.865       0.0831497     14901.4       
18            0.0577207     0.0567568                   175.593       0.173724      31133.2       
19            0.0560641     0.0550802                   313.56        0.0972852     17434.6       
20            0.0543991     0.0535378                   592.628       0.0514736     9224.65       
21            0.0527481     0.0523183                   733.73        0.0415749     7450.68       
22            0.0511959     0.0509032                   558.136       0.0546546     9794.71       
23            0.0497303     0.179277                    592.628       0.0514736     9224.65       
24            0.0482884     0.285262                    282.204       0.108095      19371.8       
25            0.0468949     0.29252                     517.374       0.0589607     10566.4       
26            0.0454929     0.313308                    482.882       0.0631722     11321.2       
27            0.044096      0.322574                    341.78        0.0892525     15995         
28            0.0427741     0.324446                    413.899       0.0737009     13208         
29            0.0414748     0.326903                    498.56        0.0611857     10965.1       
30            0.288802      0.210484                    467.204       0.0652921     11701.1       
31            0.311012      0.113914                    808.984       0.0377074     6757.59       
32            0.323669      0.0867354                   526.781       0.0579079     10377.7       
33            0.333827      0.0813222                   630.255       0.0484006     8673.92       
34            0.335767      0.0767603                   526.781       0.0579079     10377.7       
35            0.325394      0.151621                    454.662       0.0670932     12023.9       
36            0.0578593     0.24536                     489.153       0.0623623     11176         
37            0.0561041     0.29951                     542.459       0.0562342     10077.8       
38            0.0543796     0.321941                    429.577       0.0710111     12726         
39            0.0527235     0.236229                    288.475       0.105745      18950.6       
40            0.051161      0.167728                    319.831       0.0953776     17092.7       
41            0.0496342     0.127808                    216.356       0.140993      25267.5       
42            0.048191      0.11453                     241.441       0.126344      22642.3       
43            0.203793      0.103615                    348.051       0.0876443     15706.8       
44            0.197676      0.0932342                   526.781       0.0579079     10377.7       
45            0.295051      0.0859151                   630.255       0.0484006     8673.92       
46            0.316271      0.0814342                   592.628       0.0514736     9224.65       
47            0.0673906     0.0775986                   454.662       0.0670932     12023.9       
48            0.0654419     0.156935                    385.679       0.0790937     14174.5       
49            0.0635539     0.24161                     642.798       0.0474562     8504.68       
50            0.061663      0.309986                    482.882       0.0631722     11321.2       
51            0.0598138     0.322769                    382.543       0.079742      14290.6       
52            0.0580068     0.328539                    413.899       0.0737009     13208         
53            0.0562448     0.330198                    382.543       0.079742      14290.6       
54            0.0545456     0.324549                    382.543       0.079742      14290.6       
55            0.258937      0.248557                    592.628       0.0514736     9224.65       

*********************************************************************************************

Branch_ID     Pipe_ID       Junc_ID       N_segments    Flow_Corr     Disp_Corr     Rw_Corr       
B1            P4            i4            1             1             1             1             

	Flouride(mg/l) Results                            	Pipe Results
Time          EPANET        WUDESIM                     Reyn_WUDESIM  Pecl_WUDESIM  ResT_WUDESIM  
0             0.1           0.1                         472.687       0.0796078     14266.6       
1             0.0969678     0.0965934                   390.155       0.096448      17284.5       
2             0.0940596     0.0936699                   362.644       0.103765      18595.8       
3             0.0912567     0.0905363                   362.644       0.103765      18595.8       
4             0.0885459     0.0874674                   335.133       0.112283      20122.3       
5             0.0859382     0.0844851                   445.176       0.0845274     15148.3       
6             0.0833714     0.0816108                   480.19        0.078364      14043.7       
7             0.0808774     0.0787342                   250.099       0.150459      26963.9       
8             0.078547      0.0760339                   250.099       0.150459      26963.9       
9             0.0762773     0.0734437                   502.699       0.0748551     13414.9       
10            0.0739562     0.0711986                   922.866       0.0407747     7307.29       
11            0.0715778     0.0693131                   362.644       0.103765      18595.8       
12            0.0694395     0.0668296                   345.137       0.109028      19539.1       
13            0.067369      0.0643759                   255.101       0.147509      26435.2       
14            0.0653983     0.062235                    535.212       0.0703079     12599.9       
15            0.0633549     0.060424                    230.091       0.163542      29308.6       
16            0.0615035     0.0584818                   115.046       0.327084      58617.2       
17            0.0597906     0.0567434                   292.616       0.128597      23046.1       
18            0.0579994     0.0549693                   140.055       0.268676      48149.8       
19            0.0563587     0.0533307                   250.099       0.150459      26963.9       
20            0.0546884     0.0517185                   472.687       0.0796078     14266.6       
21            0.0529718     0.0504416                   585.232       0.0642986     11523         
22            0.0512974     0.049087                    445.176       0.0845274     15148.3       
23            0.0497411     0.110342                    472.687       0.0796078     14266.6       
24            0.0482439     0.202182                    225.089       0.167176      29959.9       
25            0.0468612     0.211761                    412.664       0.0911872     16341.8       
26            0.0454654     0.235984                    385.153       0.0977005     17509         
27            0.0441117     0.248913                    272.608       0.138036      24737.5       
28            0.0428226     0.254206                    330.131       0.113984      20427.2       
29            0.0415491     0.261152                    397.658       0.0946282     16958.4       
30            0.0402997     0.216313                    372.648       0.100979      18096.6       
31            0.0391017     0.137695                    645.256       0.0583174     10451.1       
32            0.0378942     0.105547                    420.167       0.0895588     16049.9       
33            0.0367585     0.0974304                   502.699       0.0748551     13414.9       
34            0.255315      0.0901359                   420.167       0.0895588     16049.9       
35            0.275027      0.120356                    362.644       0.103765      18595.8       
36            0.286602      0.179314                    390.155       0.096448      17284.5       
37            0.278055      0.230658                    432.671       0.0869704     15586.1       
38            0.286667      0.252766                    342.636       0.109824      19681.7       
39            0.2885        0.229651                    230.091       0.163542      29308.6       
40            0.280192      0.186113                    255.101       0.147509      26435.2       
41            0.0497668     0.146768                    172.568       0.218056      39078.1       
42            0.0483463     0.132503                    192.576       0.195401      35018         
43            0.0469795     0.119989                    277.61        0.135548      24291.8       
44            0.04561       0.107354                    420.167       0.0895588     16049.9       
45            0.044243      0.0976577                   502.699       0.0748551     13414.9       
46            0.0429006     0.0910575                   472.687       0.0796078     14266.6       
47            0.0416043     0.0855256                   362.644       0.103765      18595.8       
48            0.175164      0.113446                    307.622       0.122324      21921.9       
49            0.26129       0.170735                    512.703       0.0733945     13153.1       
50            0.253351      0.238685                    385.153       0.0977005     17509         
51            0.271669      0.252453                    305.121       0.123327      22101.6       
52            0.0580301     0.260757                    330.131       0.113984      20427.2       
53            0.0563109     0.267297                    305.121       0.123327      22101.6       
54            0.0546457     0.268245                    305.121       0.123327      22101.5       
55            0.0530285     0.24516                     472.687       0.0796078     14266.6       

*********************************************************************************************

Branch_ID     Pipe_ID       Junc_ID       N_segments    Flow_Corr     Disp_Corr     Rw_Corr       
B1            P5            34            1             1             1             1             

	Flouride(mg/l) Results                            	Pipe Results
Time          EPANET        WUDESIM                     Reyn_WUDESIM  Pecl_WUDESIM  ResT_WUDESIM  
0             0.1           0.1                         292.578       0.0866072     15521         
1             0.0969933     0.0955585                   241.493       0.104928      18804.3       
2             0.09411       0.0916774                   224.465       0.112888      20230.8       
3             0.0913228     0.0881232                   224.465       0.112888      20230.8       
4             0.0886161     0.0847827                   207.436       0.122155      21891.5       
5             0.086004      0.0816449                   275.55        0.0919594     16480.1       
6             0.0834188     0.0786229                   297.222       0.085254      15278.5       
7             0.080902      0.0757547                   154.803       0.163688      29334.6       
8             0.0785695     0.073103                    154.803       0.163688      29334.6       
9             0.0763041     0.0705501                   311.155       0.0814366     14594.4       
10            0.0739946     0.0680552                   571.224       0.0443598     7949.77       
11            0.0716416     0.066078                    224.465       0.112888      20230.8       
12            0.0695155     0.0637954                   213.629       0.118614      21257         
13            0.0674574     0.0615696                   157.899       0.160478      28759.5       
14            0.0655007     0.0594564                   331.279       0.0764896     13707.8       
15            0.063486      0.0574515                   142.419       0.177921      31885.5       
16            0.061652      0.055538                    71.2095       0.355843      63771         
17            0.0599499     0.0538338                   181.12        0.139904      25072.3       
18            0.0581817     0.0520306                   86.6899       0.292299      52383.3       
19            0.0565525     0.0504052                   154.803       0.163688      29334.6       
20            0.0548994     0.0487544                   292.578       0.0866072     15521         
21            0.0531997     0.0472542                   362.24        0.069952      12536.2       
22            0.0515141     0.0459349                   275.55        0.0919594     16480.1       
23            0.0499292     0.04769                     292.578       0.0866072     15521         
24            0.0483911     0.0690571                   139.323       0.181875      32594         
25            0.0469918     0.0805885                   255.425       0.0992046     17778.6       
26            0.0455699     0.103298                    238.397       0.106291      19048.5       
27            0.044202      0.122734                    168.736       0.150172      26912.5       
28            0.0429104     0.133933                    204.34        0.124006      22223.2       
29            0.0416381     0.146929                    246.137       0.102948      18449.5       
30            0.0403848     0.159589                    230.657       0.109858      19687.7       
31            0.0391767     0.156331                    399.393       0.0634448     11370         
32            0.0379534     0.139049                    260.07        0.0974331     17461.1       
33            0.0368111     0.12655                     311.155       0.0814366     14594.4       
34            0.0356947     0.114322                    260.07        0.0974331     17461.1       
35            0.034631      0.106329                    224.465       0.112888      20230.8       
36            0.0336092     0.108097                    241.493       0.104928      18804.3       
37            0.0326126     0.120565                    267.81        0.0946171     16956.4       
38            0.0316388     0.138424                    212.081       0.11948       21412.2       
39            0.219745      0.150303                    142.419       0.177921      31885.5       
40            0.213451      0.1519                      157.899       0.160478      28759.5       
41            0.22987       0.148558                    106.814       0.237228      42514         
42            0.223403      0.142958                    119.199       0.212581      38096.9       
43            0.233209      0.136571                    171.832       0.147466      26427.6       
44            0.226448      0.128577                    260.07        0.0974331     17461.1       
45            0.233547      0.118563                    311.155       0.0814366     14594.4       
46            0.234799      0.108497                    292.578       0.0866072     15521         
47            0.0416223     0.0999635                   224.465       0.112888      20230.8       
48            0.0403928     0.0943321                   190.408       0.133079      23849.3       
49            0.0392139     0.0962416                   317.347       0.0798476     14309.6       
50            0.0380293     0.117797                    238.397       0.106291      19048.5       
51            0.0369027     0.134653                    188.86        0.13417       24044.8       
52            0.0358262     0.146089                    204.34        0.124006      22223.2       
53            0.0845369     0.157765                    188.86        0.13417       24044.8       
54            0.146468      0.166804                    188.86        0.13417       24044.8       
55            0.218341      0.173776                    292.578       0.0866072     15521         

*********************************************************************************************

