*********************************************************************************************
*                                                                                           *
*                                     WUDESIM REPORT                                        *
*                                                                                           *
*********************************************************************************************

Branch_ID     Pipe_ID       Junc_ID       N_segments    Flow_Corr     Disp_Corr     Rw_Corr       
B1            P1            i1            1             1             1             1             

	Flouride(mg/l) Results                            	Pipe Results
Time          EPANET        WUDESIM                     Reyn_WUDESIM  Pecl_WUDESIM  ResT_WUDESIM  
0             1             1                           2490.52       0.0320856     5105.7        
1             1             1                           2055.66       0.0345166     6185.75       
2             1             1                           1917.3        0.0370075     6632.15       
3             1             1                           1917.3        0.0370075     6632.15       
4             1             1                           1759.17       0.040334      7228.3        
5             1             1                           2352.15       0.0311204     5406.04       
6             1             1                           2530.05       0.0324336     5025.92       
7             1             1                           1324.32       0.053578      9601.77       
8             1             1                           1324.32       0.053578      9601.77       
9             1             1                           2648.64       0.0337003     4800.88       
10            1             1                           4862.43       1993.61       2615.11       
11            0.984         0.995623                    1917.3        0.0370075     6632.15       
12            0.984         1.02343                     1818.47       0.0390187     6992.59       
13            1.0323        0.845569                    1344.09       0.05279       9460.56       
14            1.0323        0.746018                    2826.54       0.0363665     4498.73       
15            0.6942        0.585143                    1205.73       0.0588479     10546.2       
16            0.5268        0.560451                    612.746       0.115798      20752.2       
17            0.5268        0.556558                    1541.75       0.0460221     8247.67       
18            0.5268        0.552224                    731.342       0.0970195     17387         
19            0.5268        0.549819                    1324.32       0.053578      9601.76       
20            0.5268        0.592202                    2490.52       0.0320856     5105.7        
21            0.5911        0.690812                    3083.5        0.0426821     4123.83       
22            0.6927        0.912469                    2352.15       0.0311204     5406.04       
23            0.9583        0.841463                    2490.52       0.0320856     5105.7        
24            0.8322        0.31666                     1185.96       0.0598287     10722         
25            0.2082        0.253811                    2174.26       0.0326338     5848.35       
26            0.2082        0.182829                    2035.9        0.0348517     6245.81       
27            0.1338        0.170516                    1442.92       0.0491743     8812.58       
28            0.1338        0.166214                    1739.41       0.0407923     7310.43       
29            0.1338        0.162913                    2095.2        0.0338653     6069.04       
30            0.1338        0.159456                    1956.83       0.0362598     6498.16       
31            0.1338        0.156224                    3399.75       0.0591073     3740.22       
32            0.1338        0.678515                    2213.79       0.0320511     5743.91       
33            0.8072        0.877779                    2648.64       0.0337003     4800.88       
34            0.929         0.23847                     2213.79       0.0320511     5743.91       
35            0.127882      0.15136                     1917.3        0.0370075     6632.15       
36            0.127882      0.132719                    2055.66       0.0345166     6185.75       
37            0.1066        0.112337                    2273.09       0.031215      5594.07       
38            0.0878        0.12209                     1798.71       0.0394475     7069.43       
39            0.1061        0.109279                    1205.73       0.0588479     10546.2       
40            0.1061        0.105767                    1344.09       0.05279       9460.56       
41            0.0902        0.104094                    909.236       0.0780375     13985.2       
42            0.0902        0.102853                    1008.07       0.0703867     12614.1       
43            0.0902        0.101955                    1462.68       0.0485098     8693.49       
44            0.0902        0.101172                    2213.79       0.0320511     5743.91       
45            0.0902        0.100012                    2648.64       0.0337003     4800.88       
46            0.0902        0.100345                    2490.52       0.0320856     5105.7        
47            0.0902        0.718301                    1917.3        0.0370075     6632.15       
48            0.8443        0.202853                    1620.81       0.0437771     7845.34       
49            0.678151      0.111016                    2707.94       0.0344751     4695.75       
50            0.0885        0.0907349                   2035.9        0.0348517     6245.81       
51            0.0735        0.095326                    1601.05       0.0443176     7942.2        
52            0.0871        0.0955865                   1739.41       0.0407923     7310.43       
53            0.0871        0.094803                    1601.05       0.0443176     7942.2        
54            0.0871        0.0939894                   1601.05       0.0443176     7942.2        
55            0.0871        0.0932841                   2490.52       0.0320856     5105.7        

*********************************************************************************************

Branch_ID     Pipe_ID       Junc_ID       N_segments    Flow_Corr     Disp_Corr     Rw_Corr       
B1            P2            i2            1             1             1             1             

	Flouride(mg/l) Results                            	Pipe Results
Time          EPANET        WUDESIM                     Reyn_WUDESIM  Pecl_WUDESIM  ResT_WUDESIM  
0             1             1                           2370.2        0.0282778     4858.44       
1             1             1                           1956.35       0.032845      5886.18       
2             1             1                           1824.68       0.0352152     6310.96       
3             1             1                           1824.68       0.0352152     6310.96       
4             1             1                           1674.19       0.0383806     6878.23       
5             1             1                           2238.52       0.0287048     5144.23       
6             1             1                           2407.82       0.0284937     4782.52       
7             1             1                           1260.34       0.0509832     9136.76       
8             1             1                           1260.34       0.0509832     9136.76       
9             1             1                           2520.69       0.0292944     4568.38       
10            1             1                           4627.53       1792.96       2488.47       
11            0.999844      1                           1824.68       0.0352152     6310.96       
12            0.999844      1.01708                     1730.62       0.0371291     6653.94       
13            0.984         0.882944                    1279.15       0.0502335     9002.39       
14            0.984         0.7876                      2689.99       0.0309983     4280.86       
15            1.0323        0.632997                    1147.48       0.055998      10035.5       
16            0.7944        0.594614                    583.144       0.11019       19747.2       
17            0.7944        0.587898                    1467.27       0.0437933     7848.24       
18            0.6942        0.578471                    696.011       0.092321      16544.9       
19            0.534929      0.574287                    1260.34       0.0509832     9136.76       
20            0.5268        0.600763                    2370.2        0.0282778     4858.44       
21            0.5268        0.692749                    2934.53       0.0349367     3924.12       
22            0.539911      0.8811                      2238.52       0.0287048     5144.23       
23            0.6927        0.845747                    2370.2        0.0282778     4858.44       
24            0.9583        0.396746                    1128.67       0.0569313     10202.7       
25            0.9583        0.311202                    2069.22       0.0310534     5565.12       
26            0.8322        0.230212                    1937.54       0.0331638     5943.33       
27            0.2082        0.208172                    1373.21       0.0467928     8385.79       
28            0.2082        0.199821                    1655.38       0.0388168     6956.4        
29            0.13381       0.192941                    1993.98       0.0322252     5775.12       
30            0.133805      0.185779                    1862.3        0.0345038     6183.46       
31            0.133803      0.179271                    3235.51       0.0441615     3559.09       
32            0.133801      0.599038                    2106.84       0.0304989     5465.74       
33            0.133801      0.830953                    2520.69       0.0292944     4568.38       
34            0.8072        0.310104                    2106.84       0.0304989     5465.74       
35            0.929         0.179303                    1824.68       0.0352152     6310.96       
36            0.929         0.158567                    1956.35       0.032845      5886.18       
37            0.128112      0.136547                    2163.28       0.0297033     5323.15       
38            0.128112      0.139228                    1711.81       0.0375371     6727.06       
39            0.106641      0.127902                    1147.48       0.055998      10035.5       
40            0.0878001     0.121921                    1279.15       0.0502335     9002.39       
41            0.0878001     0.11853                     865.311       0.0742582     13307.9       
42            0.106031      0.116213                    959.366       0.0669779     12003.2       
43            0.106031      0.114338                    1392.02       0.0461605     8272.47       
44            0.0902        0.112565                    2106.84       0.0304989     5465.74       
45            0.0902        0.110067                    2520.69       0.0292944     4568.38       
46            0.0902        0.109845                    2370.2        0.0282778     4858.44       
47            0.0902        0.626302                    1824.68       0.0352152     6310.96       
48            0.0902        0.27676                     1542.51       0.041657      7465.4        
49            0.0902        0.132645                    2577.12       0.0297893     4468.34       
50            0.8443        0.106247                    1937.54       0.0331638     5943.33       
51            0.0885        0.10446                     1523.7        0.0421713     7557.57       
52            0.0885        0.104385                    1655.38       0.0388168     6956.4        
53            0.0735545     0.10275                     1523.7        0.0421713     7557.57       
54            0.0870922     0.101113                    1523.7        0.0421713     7557.57       
55            0.0870952     0.0996787                   2370.2        0.0282778     4858.44       

*********************************************************************************************

Branch_ID     Pipe_ID       Junc_ID       N_segments    Flow_Corr     Disp_Corr     Rw_Corr       
B1            P3            i3            1             1             1             1             

	Flouride(mg/l) Results                            	Pipe Results
Time          EPANET        WUDESIM                     Reyn_WUDESIM  Pecl_WUDESIM  ResT_WUDESIM  
0             1             1                           2097.09       0.0194996     3494.55       
1             1             1                           1730.93       0.0236245     4233.78       
2             1             1                           1614.43       0.0253294     4539.31       
3             1             1                           1614.43       0.0253294     4539.31       
4             1             1                           1481.28       0.0276062     4947.34       
5             1             1                           1980.58       0.0206467     3700.11       
6             1             1                           2130.38       0.0191949     3439.95       
7             1             1                           1115.12       0.0366709     6571.84       
8             1             1                           1115.12       0.0366709     6571.84       
9             1             1                           2230.24       0.0183355     3285.92       
10            1             1                           4094.32       1121.28       1789.89       
11            0.999933      1                           1614.43       0.0253294     4539.31       
12            0.999884      1.01336                     1531.21       0.026706      4786.01       
13            0.999854      0.905394                    1131.76       0.0361316     6475.19       
14            0.984         0.815138                    2380.03       0.0180303     3079.11       
15            0.984         0.662271                    1015.26       0.0402779     7218.25       
16            0.984         0.622039                    515.95        0.0792565     14203.6       
17            1.0323        0.613597                    1298.2        0.0314994     5645.04       
18            0.815117      0.60021                     615.812       0.0664041     11900.4       
19            0.7944        0.594819                    1115.12       0.0366709     6571.84       
20            0.694377      0.61178                     2097.09       0.0194996     3494.55       
21            0.526823      0.696329                    2596.4        0.0190755     2822.52       
22            0.526807      0.865289                    1980.58       0.0206467     3700.11       
23            0.526807      0.84651                     2097.09       0.0194996     3494.55       
24            0.6927        0.447611                    998.614       0.0409492     7338.55       
25            0.6927        0.355244                    1830.79       0.0223359     4002.85       
26            0.9583        0.26768                     1714.29       0.0238539     4274.88       
27            0.8322        0.239269                    1214.98       0.0336569     6031.69       
28            0.484366      0.227773                    1464.63       0.0279199     5003.56       
29            0.208167      0.217853                    1764.22       0.0231788     4153.9        
30            0.133808      0.207542                    1647.71       0.0248177     4447.61       
31            0.133806      0.198344                    2862.69       0.0213519     2559.96       
32            0.133803      0.563843                    1864.08       0.0219371     3931.37       
33            0.133802      0.795643                    2230.24       0.0183355     3285.92       
34            0.133801      0.347695                    1864.08       0.0219371     3931.37       
35            0.8072        0.201907                    1614.43       0.0253294     4539.31       
36            0.8072        0.179386                    1730.93       0.0236245     4233.78       
37            0.929         0.156007                    1914.01       0.0213648     3828.81       
38            0.128129      0.153811                    1514.56       0.0269995     4838.61       
39            0.128125      0.142772                    1015.26       0.0402779     7218.25       
40            0.128125      0.135301                    1131.76       0.0361316     6475.19       
41            0.106787      0.13055                     765.604       0.053412      9572.02       
42            0.0878389     0.127429                    848.822       0.0481755     8633.59       
43            0.0878389     0.124744                    1231.62       0.0332021     5950.18       
44            0.106031      0.122063                    1864.08       0.0219371     3931.37       
45            0.0902179     0.118372                    2230.24       0.0183355     3285.92       
46            0.090206      0.116661                    2097.09       0.0194996     3494.55       
47            0.0902022     0.568588                    1614.43       0.0253294     4539.31       
48            0.090201      0.313694                    1364.77       0.0299628     5369.67       
49            0.0902005     0.148713                    2280.17       0.017934      3213.96       
50            0.0902004     0.11669                     1714.29       0.0238539     4274.88       
51            0.8443        0.112393                    1348.13       0.0303327     5435.96       
52            0.0885        0.111723                    1464.63       0.0279199     5003.56       
53            0.088425      0.109345                    1348.13       0.0303327     5435.96       
54            0.0735879     0.107031                    1348.13       0.0303327     5435.96       
55            0.0735879     0.104992                    2097.09       0.0194996     3494.55       

*********************************************************************************************

Branch_ID     Pipe_ID       Junc_ID       N_segments    Flow_Corr     Disp_Corr     Rw_Corr       
B1            P4            i4            1             1             1             1             

	Flouride(mg/l) Results                            	Pipe Results
Time          EPANET        WUDESIM                     Reyn_WUDESIM  Pecl_WUDESIM  ResT_WUDESIM  
0             1             1                           1878.2        0.0262814     4709.92       
1             1             1                           1550.26       0.031841      5706.25       
2             1             1                           1445.91       0.0341388     6118.05       
3             1             1                           1445.91       0.0341388     6118.05       
4             1             1                           1326.66       0.0372074     6667.98       
5             1             1                           1773.85       0.0278274     4986.98       
6             1             1                           1908.01       0.0258708     4636.33       
7             1             1                           998.724       0.0494248     8857.47       
8             1             1                           998.724       0.0494248     8857.47       
9             1             1                           1997.45       0.0247124     4428.73       
10            1             1                           3666.96       0.0687091     2412.4        
11            0.999986      1                           1445.91       0.0341388     6118.05       
12            0.999949      1.0094                      1371.38       0.0359941     6450.55       
13            0.999909      0.930088                    1013.63       0.0486979     8727.21       
14            0.999844      0.848976                    2131.6        0.0231571     4150          
15            0.984         0.701689                    909.286       0.0542862     9728.69       
16            0.984         0.662209                    462.096       0.106821      19143.6       
17            0.984         0.651841                    1162.69       0.0424546     7608.34       
18            0.984         0.633344                    551.534       0.0894989     16039.2       
19            0.984         0.626317                    998.724       0.0494248     8857.47       
20            1.03227       0.632759                    1878.2        0.0262814     4709.92       
21            0.7944        0.704162                    2325.39       0.0215491     3804.17       
22            0.526825      0.848868                    1773.85       0.0278274     4986.98       
23            0.526816      0.844503                    1878.2        0.0262814     4709.92       
24            0.526925      0.510543                    894.38        0.055191      9890.84       
25            0.59083       0.416729                    1639.7        0.0301042     5395          
26            0.6927        0.322781                    1535.35       0.0321501     5761.65       
27            0.9583        0.286606                    1088.16       0.0453625     8129.46       
28            0.9583        0.270559                    1311.76       0.0376302     6743.75       
29            0.8322        0.255934                    1580.07       0.0312402     5598.59       
30            0.208167      0.240719                    1475.73       0.0334491     5994.45       
31            0.194659      0.227442                    2563.89       0.0227903     3450.29       
32            0.133834      0.529529                    1669.51       0.0295666     5298.66       
33            0.133818      0.745905                    1997.45       0.0247124     4428.73       
34            0.133809      0.388838                    1669.51       0.0295666     5298.66       
35            0.133807      0.235638                    1445.91       0.0341388     6118.05       
36            0.133807      0.21048                     1550.26       0.031841      5706.25       
37            0.8072        0.185028                    1714.23       0.0287953     5160.44       
38            0.928899      0.176515                    1356.48       0.0363897     6521.43       
39            0.128131      0.164858                    909.286       0.0542862     9728.69       
40            0.128129      0.155646                    1013.63       0.0486979     8727.21       
41            0.128115      0.14896                     685.691       0.0719883     12901.1       
42            0.128115      0.144695                    760.223       0.0649306     11636.3       
43            0.128115      0.140801                    1103.07       0.0447495     8019.6        
44            0.106737      0.136643                    1669.51       0.0295666     5298.66       
45            0.0879013     0.131027                    1997.45       0.0247124     4428.73       
46            0.09976       0.127014                    1878.2        0.0262814     4709.92       
47            0.0902127     0.498202                    1445.91       0.0341388     6118.05       
48            0.0902077     0.342839                    1222.32       0.0403837     7237.2        
49            0.090205      0.169937                    2042.17       0.0241712     4331.75       
50            0.0902024     0.132237                    1535.35       0.0321501     5761.65       
51            0.0902021     0.124907                    1207.41       0.0408822     7326.55       
52            0.0902021     0.122999                    1311.76       0.0376302     6743.75       
53            0.844176      0.119431                    1207.41       0.0408822     7326.55       
54            0.0884475     0.116087                    1207.41       0.0408822     7326.55       
55            0.0884475     0.113123                    1878.2        0.0262814     4709.92       

*********************************************************************************************

Branch_ID     Pipe_ID       Junc_ID       N_segments    Flow_Corr     Disp_Corr     Rw_Corr       
B1            P5            i5            1             1             1             1             

	Flouride(mg/l) Results                            	Pipe Results
Time          EPANET        WUDESIM                     Reyn_WUDESIM  Pecl_WUDESIM  ResT_WUDESIM  
0             1             1                           1610.54       0.0241077     4320.37       
1             1             1                           1329.34       0.0292074     5234.29       
2             1             1                           1239.86       0.0313151     5612.02       
3             1             1                           1239.86       0.0313151     5612.02       
4             1             1                           1137.6        0.03413       6116.47       
5             1             1                           1521.07       0.0255258     4574.5        
6             1             1                           1636.11       0.023731      4252.86       
7             1             1                           856.399       0.0453368     8124.87       
8             1             1                           856.399       0.0453368     8124.87       
9             1             1                           1712.8        0.0226684     4062.43       
10            1             1                           3144.39       0.0245335     2212.87       
11            0.999998      1                           1239.86       0.0313151     5612.02       
12            0.999983      1.00663                     1175.95       0.033017      5917.02       
13            0.999957      0.948222                    869.181       0.0446701     8005.38       
14            0.999927      0.877861                    1827.84       0.0212417     3806.76       
15            0.99983       0.741433                    779.707       0.0497962     8924.03       
16            0.99983       0.703553                    396.244       0.0979861     17560.2       
17            0.99983       0.691728                    997.002       0.0389432     6979.05       
18            0.984         0.669117                    472.937       0.0820965     14712.6       
19            0.984         0.660413                    856.399       0.0453368     8124.87       
20            0.984046      0.658978                    1610.54       0.0241077     4320.37       
21            1.03225       0.714829                    1994          0.0194716     3489.53       
22            0.794336      0.834817                    1521.07       0.0255258     4574.5        
23            0.526823      0.839454                    1610.54       0.0241077     4320.37       
24            0.52688       0.565155                    766.925       0.0506261     9072.77       
25            0.526903      0.476549                    1406.03       0.0276143     4948.78       
26            0.526903      0.380471                    1316.55       0.029491      5285.11       
27            0.692611      0.337704                    933.092       0.0416105     7457.07       
28            0.692611      0.316963                    1124.82       0.0345178     6185.98       
29            0.958262      0.297209                    1354.9        0.0286563     5135.53       
30            0.955588      0.276597                    1265.43       0.0306825     5498.65       
31            0.832259      0.258927                    2198.52       0.0176603     3164.92       
32            0.194717      0.504503                    1431.59       0.0271211     4860.41       
33            0.133835      0.696019                    1712.8        0.0226684     4062.43       
34            0.133822      0.418474                    1431.59       0.0271211     4860.41       
35            0.133814      0.271309                    1239.86       0.0313151     5612.02       
36            0.133811      0.243504                    1329.34       0.0292074     5234.29       
37            0.133811      0.215811                    1469.94       0.0264136     4733.62       
38            0.807203      0.201496                    1163.17       0.0333799     5982.04       
39            0.807203      0.188226                    779.707       0.0497962     8924.03       
40            0.928836      0.177524                    869.181       0.0446701     8005.38       
41            0.928836      0.168931                    587.975       0.0660341     11834         
42            0.128121      0.163484                    651.886       0.0595602     10673.8       
43            0.128119      0.158332                    945.874       0.0410482     7356.3        
44            0.12807       0.152508                    1431.59       0.0271211     4860.41       
45            0.10672       0.144706                    1712.8        0.0226684     4062.43       
46            0.0879013     0.138176                    1610.54       0.0241077     4320.37       
47            0.105841      0.438263                    1239.86       0.0313151     5612.02       
48            0.0902137     0.350025                    1048.13       0.0370435     6638.61       
49            0.0902105     0.188874                    1751.14       0.022172      3973.47       
50            0.0902062     0.148702                    1316.55       0.029491      5285.11       
51            0.0902042     0.13881                     1035.35       0.0375008     6720.57       
52            0.0902033     0.135291                    1124.82       0.0345178     6185.98       
53            0.0902033     0.130368                    1035.35       0.0375008     6720.57       
54            0.844091      0.125911                    1035.35       0.0375008     6720.57       
55            0.844091      0.121944                    1610.54       0.0241077     4320.37       

*********************************************************************************************

Branch_ID     Pipe_ID       Junc_ID       N_segments    Flow_Corr     Disp_Corr     Rw_Corr       
B1            P6            i6            1             1             1             1             

	Flouride(mg/l) Results                            	Pipe Results
Time          EPANET        WUDESIM                     Reyn_WUDESIM  Pecl_WUDESIM  ResT_WUDESIM  
0             1             1                           1238.88       0.0320362     5741.24       
1             1             1                           1022.57       0.0388131     6955.73       
2             1             1                           953.742       0.041614      7457.69       
3             1             1                           953.742       0.041614      7457.69       
4             1             1                           875.083       0.0453546     8128.05       
5             1             1                           1170.06       0.0339207     6078.96       
6             1             1                           1258.55       0.0315356     5651.53       
7             1             1                           658.771       0.0602472     10797         
8             1             1                           658.771       0.0602472     10797         
9             1             1                           1317.54       0.0301236     5398.48       
10            1             1                           2418.77       0.0176413     2940.64       
11            1             1                           953.742       0.041614      7457.69       
12            0.999996      1.00365                     904.58        0.0438756     7863          
13            0.999986      0.969329                    668.603       0.0593612     10638.2       
14            0.999974      0.918324                    1406.03       0.0282277     5058.72       
15            0.999931      0.807105                    599.776       0.0661731     11859         
16            0.999905      0.772445                    304.804       0.130212      23335.4       
17            0.999894      0.759032                    766.927       0.0517508     9274.31       
18            0.999879      0.731444                    363.799       0.109096      19551.3       
19            0.999879      0.720011                    658.771       0.0602472     10797         
20            0.999879      0.708837                    1238.88       0.0320362     5741.24       
21            0.984033      0.73621                     1533.85       0.0258754     4637.16       
22            0.984033      0.814641                    1170.06       0.0339207     6078.96       
23            1.03225       0.82707                     1238.88       0.0320362     5741.24       
24            0.694554      0.643495                    589.944       0.067276      12056.6       
25            0.526861      0.570856                    1081.56       0.036696      6576.33       
26            0.526879      0.478678                    1012.74       0.0391899     7023.26       
27            0.526899      0.426714                    717.765       0.0552953     9909.54       
28            0.526899      0.398145                    865.251       0.04587       8220.41       
29            0.590819      0.369373                    1042.23       0.0380807     6824.49       
30            0.692611      0.339194                    973.407       0.0407733     7307.03       
31            0.958231      0.313888                    1691.17       0.0234684     4205.79       
32            0.832259      0.468831                    1101.23       0.0360407     6458.9        
33            0.208041      0.614071                    1317.54       0.0301236     5398.48       
34            0.133832      0.451491                    1101.23       0.0360407     6458.9        
35            0.133826      0.332357                    953.742       0.041614      7457.69       
36            0.133821      0.300368                    1022.57       0.0388131     6955.73       
37            0.133817      0.26876                     1130.73       0.0351005     6290.4        
38            0.133815      0.245606                    894.748       0.0443578     7949.41       
39            0.133815      0.228387                    599.776       0.0661731     11859         
40            0.807251      0.21551                     668.603       0.0593612     10638.2       
41            0.807251      0.203877                    452.29        0.0877513     15726         
42            0.807251      0.196465                    501.452       0.0791482     14184.2       
43            0.925956      0.18919                     727.597       0.0545481     9775.63       
44            0.928836      0.180343                    1101.23       0.0360407     6458.9        
45            0.12804       0.168561                    1317.54       0.0301236     5398.48       
46            0.12804       0.157601                    1238.88       0.0320362     5741.24       
47            0.10672       0.354058                    953.742       0.041614      7457.69       
48            0.0881113     0.332758                    806.257       0.0492263     8821.91       
49            0.105753      0.215589                    1347.04       0.0294639     5280.26       
50            0.0902107     0.176971                    1012.74       0.0391899     7023.26       
51            0.0902084     0.163515                    796.424       0.0498341     8930.82       
52            0.0902069     0.156888                    865.251       0.04587       8220.41       
53            0.0902056     0.149498                    796.424       0.0498341     8930.82       
54            0.0902049     0.143098                    796.424       0.0498341     8930.82       
55            0.0902049     0.137379                    1238.88       0.0320362     5741.24       

*********************************************************************************************

Branch_ID     Pipe_ID       Junc_ID       N_segments    Flow_Corr     Disp_Corr     Rw_Corr       
B1            P7            10            1             1             1             1             

	Flouride(mg/l) Results                            	Pipe Results
Time          EPANET        WUDESIM                     Reyn_WUDESIM  Pecl_WUDESIM  ResT_WUDESIM  
0             1             1                           891.057       0.0467077     8370.54       
1             1             1                           735.475       0.0565882     10141.2       
2             1             1                           685.972       0.0606719     10873.1       
3             1             1                           685.972       0.0606719     10873.1       
4             1             1                           629.397       0.0661255     11850.4       
5             1             1                           841.553       0.0494552     8862.93       
6             1             1                           905.2         0.0459779     8239.75       
7             1             1                           473.816       0.0878384     15741.6       
8             1             1                           473.816       0.0878384     15741.6       
9             1             1                           947.632       0.0439192     7870.81       
10            1             1                           1739.68       0.0239235     4287.35       
11            1             1                           685.972       0.0606719     10873.1       
12            1             0.999924                    650.613       0.0639693     11464         
13            0.999997      0.998977                    480.888       0.0865467     15510.1       
14            0.999994      0.987995                    1011.28       0.0411551     7375.44       
15            0.999978      0.936716                    431.385       0.0964783     17290         
16            0.999966      0.909111                    219.228       0.189844      34022.2       
17            0.99996       0.894676                    551.606       0.0754509     13521.6       
18            0.999942      0.859265                    261.659       0.159059      28505.1       
19            0.999934      0.843289                    473.816       0.0878384     15741.6       
20            0.999923      0.816373                    891.057       0.0467077     8370.54       
21            0.999889      0.783684                    1103.21       0.0377255     6760.82       
22            0.999889      0.779067                    841.553       0.0494552     8862.93       
23            0.984033      0.797024                    891.057       0.0467077     8370.54       
24            0.984033      0.781601                    424.313       0.0980862     17578.1       
25            0.984033      0.749526                    777.907       0.0535016     9588.08       
26            1.03217       0.676691                    728.403       0.0571376     10239.7       
27            0.700331      0.608998                    516.247       0.0806188     14447.8       
28            0.526886      0.565218                    622.325       0.066877      11985.1       
29            0.526888      0.517674                    749.619       0.0555205     9949.89       
30            0.526888      0.467526                    700.116       0.0594462     10653.4       
31            0.526888      0.426642                    1216.36       0.0342161     6131.91       
32            0.692611      0.406352                    792.05        0.0525462     9416.86       
33            0.958231      0.453029                    947.632       0.0439192     7870.81       
34            0.832352      0.494456                    792.05        0.0525462     9416.86       
35            0.207934      0.455721                    685.972       0.0606719     10873.1       
36            0.207934      0.415993                    735.475       0.0565882     10141.2       
37            0.133824      0.376317                    813.266       0.0511754     9171.2        
38            0.133821      0.336691                    643.541       0.0646722     11590         
39            0.13382       0.310014                    431.385       0.0964783     17290         
40            0.133826      0.293328                    480.888       0.0865467     15510.1       
41            0.133826      0.275837                    325.306       0.127939      22928         
42            0.133826      0.264744                    360.666       0.115396      20680.2       
43            0.133826      0.253149                    523.319       0.0795294     14252.5       
44            0.133826      0.237752                    792.05        0.0525462     9416.86       
45            0.807251      0.217442                    947.632       0.0439192     7870.81       
46            0.928813      0.197316                    891.057       0.0467077     8370.54       
47            0.128008      0.208447                    685.972       0.0606719     10873.1       
48            0.128008      0.258838                    579.894       0.0717704     12862.1       
49            0.128008      0.260588                    968.847       0.0429575     7698.46       
50            0.0881153     0.234251                    728.403       0.0571376     10239.7       
51            0.105734      0.214739                    572.822       0.0726565     13020.8       
52            0.105734      0.201459                    622.325       0.066877      11985.1       
53            0.0902087     0.188822                    572.822       0.0726565     13020.8       
54            0.0902079     0.178451                    572.822       0.0726565     13020.8       
55            0.0902072     0.169131                    891.057       0.0467077     8370.54       

*********************************************************************************************

