*********************************************************************************************
*                                                                                           *
*                                     WUDESIM REPORT                                        *
*                                                                                           *
*********************************************************************************************

Branch_ID     Pipe_ID       Junc_ID       N_segments    Flow_Corr     Disp_Corr     Rw_Corr       
B1            P1            i1            1             1             1             1             

	Chlorine(mg/l) Results                            	Pipe Results
Time          EPANET        WUDESIM                     Reyn_WUDESIM  Pecl_WUDESIM  ResT_WUDESIM  
0             0.2           0.2                         2490.52       0.0320856     5105.7        
1             0.193627      0.198261                    2055.66       0.0345166     6185.75       
2             0.188397      0.191406                    1917.3        0.0370075     6632.15       
3             0.182452      0.18418                     1917.3        0.0370075     6632.15       
4             0.176302      0.177341                    1759.17       0.040334      7228.3        
5             0.170211      0.170806                    2352.15       0.0311204     5406.04       
6             0.162556      0.164532                    2530.05       0.0324336     5025.92       
7             0.155811      0.158274                    1324.32       0.053578      9601.77       
8             0.151009      0.152312                    1324.32       0.053578      9601.77       
9             0.146148      0.146795                    2648.64       0.0337003     4800.88       
10            0.13958       0.200205                    4862.43       1993.61       2615.11       
11            0.5895        0.310803                    1917.3        0.0370075     6632.15       
12            0.585227      0.596458                    1818.47       0.0390187     6992.59       
13            0.620531      0.61081                     1344.09       0.05279       9460.56       
14            0.601233      0.603474                    2826.54       0.0363665     4498.73       
15            0.603522      0.589084                    1205.73       0.0588479     10546.2       
16            0.584898      0.582616                    612.746       0.115798      20752.2       
17            0.56767       0.567855                    1541.75       0.0460221     8247.67       
18            0.565862      0.540689                    731.342       0.0970195     17387         
19            0.548995      0.521752                    1324.32       0.053578      9601.76       
20            0.516314      0.506501                    2490.52       0.0320856     5105.7        
21            0.493033      0.490044                    3083.5        0.0426821     4123.83       
22            0.470328      0.154993                    2352.15       0.0311204     5406.04       
23            0.0847268     0.399358                    2490.52       0.0320856     5105.7        
24            0.41883       0.554983                    1185.96       0.0598287     10722         
25            0.56297       0.568412                    2174.26       0.0326338     5848.35       
26            0.560056      0.583929                    2035.9        0.0348517     6245.81       
27            0.580959      0.591982                    1442.92       0.0491743     8812.58       
28            0.562801      0.566576                    1739.41       0.0407923     7310.43       
29            0.570073      0.533238                    2095.2        0.0338653     6069.04       
30            0.519525      0.512688                    1956.83       0.0362598     6498.16       
31            0.500634      0.494698                    3399.75       0.0591073     3740.22       
32            0.474633      0.184224                    2213.79       0.0320511     5743.91       
33            0.101671      0.120024                    2648.64       0.0337003     4800.88       
34            0.097102      0.450354                    2213.79       0.0320511     5743.91       
35            0.481555      0.571606                    1917.3        0.0370075     6632.15       
36            0.581317      0.598368                    2055.66       0.0345166     6185.75       
37            0.599732      0.609363                    2273.09       0.031215      5594.07       
38            0.605817      0.611801                    1798.71       0.0394475     7069.43       
39            0.604524      0.616082                    1205.73       0.0588479     10546.2       
40            0.585869      0.598724                    1344.09       0.05279       9460.56       
41            0.589291      0.583311                    909.236       0.0780375     13985.2       
42            0.582652      0.564952                    1008.07       0.0703867     12614.1       
43            0.556296      0.549358                    1462.68       0.0485098     8693.49       
44            0.538892      0.536323                    2213.79       0.0320511     5743.91       
45            0.523594      0.504448                    2648.64       0.0337003     4800.88       
46            0.482702      0.4829                      2490.52       0.0320856     5105.7        
47            0.460555      0.168322                    1917.3        0.0370075     6632.15       
48            0.105659      0.395324                    1620.81       0.0437771     7845.34       
49            0.17459       0.488241                    2707.94       0.0344751     4695.75       
50            0.493793      0.55148                     2035.9        0.0348517     6245.81       
51            0.549359      0.59036                     1601.05       0.0443176     7942.2        
52            0.591021      0.580417                    1739.41       0.0407923     7310.43       
53            0.572298      0.56255                     1601.05       0.0443176     7942.2        
54            0.554276      0.52757                     1601.05       0.0443176     7942.2        
55            0.535435      0.506112                    2490.52       0.0320856     5105.7        

*********************************************************************************************

Branch_ID     Pipe_ID       Junc_ID       N_segments    Flow_Corr     Disp_Corr     Rw_Corr       
B1            P2            i2            1             1             1             1             

	Chlorine(mg/l) Results                            	Pipe Results
Time          EPANET        WUDESIM                     Reyn_WUDESIM  Pecl_WUDESIM  ResT_WUDESIM  
0             0.2           0.2                         2370.2        0.0282778     4858.44       
1             0.191718      0.196952                    1956.35       0.032845      5886.18       
2             0.186533      0.190448                    1824.68       0.0352152     6310.96       
3             0.181252      0.183196                    1824.68       0.0352152     6310.96       
4             0.175762      0.176323                    1674.19       0.0383806     6878.23       
5             0.170176      0.169754                    2238.52       0.0287048     5144.23       
6             0.163857      0.163528                    2407.82       0.0284937     4782.52       
7             0.15589       0.157257                    1260.34       0.0509832     9136.76       
8             0.150968      0.151319                    1260.34       0.0509832     9136.76       
9             0.1462        0.145733                    2520.69       0.0292944     4568.38       
10            0.139641      0.189323                    4627.53       1792.96       2488.47       
11            0.199645      0.195517                    1824.68       0.0352152     6310.96       
12            0.193253      0.545052                    1730.62       0.0371291     6653.94       
13            0.552453      0.571704                    1279.15       0.0502335     9002.39       
14            0.535212      0.568263                    2689.99       0.0309983     4280.86       
15            0.574198      0.554122                    1147.48       0.055998      10035.5       
16            0.573618      0.554457                    583.144       0.11019       19747.2       
17            0.556665      0.540803                    1467.27       0.0437933     7848.24       
18            0.549716      0.521805                    696.011       0.092321      16544.9       
19            0.533274      0.504031                    1260.34       0.0509832     9136.76       
20            0.51665       0.488759                    2370.2        0.0282778     4858.44       
21            0.508513      0.474933                    2934.53       0.0349367     3924.12       
22            0.470487      0.197795                    2238.52       0.0287048     5144.23       
23            0.455199      0.365671                    2370.2        0.0282778     4858.44       
24            0.0812236     0.521044                    1128.67       0.0569313     10202.7       
25            0.0787112     0.537024                    2069.22       0.0310534     5565.12       
26            0.392789      0.558942                    1937.54       0.0331638     5943.33       
27            0.52745       0.567648                    1373.21       0.0467928     8385.79       
28            0.525042      0.549072                    1655.38       0.0388168     6956.4        
29            0.544912      0.519865                    1993.98       0.0322252     5775.12       
30            0.551677      0.499742                    1862.3        0.0345038     6183.46       
31            0.52033       0.483367                    3235.51       0.0441615     3559.09       
32            0.476853      0.232084                    2106.84       0.0304989     5465.74       
33            0.461354      0.13714                     2520.69       0.0292944     4568.38       
34            0.0970466     0.408923                    2106.84       0.0304989     5465.74       
35            0.0939188     0.537796                    1824.68       0.0352152     6310.96       
36            0.0909116     0.569021                    1956.35       0.032845      5886.18       
37            0.451157      0.582776                    2163.28       0.0297033     5323.15       
38            0.544385      0.588127                    1711.81       0.0375371     6727.06       
39            0.561725      0.59156                     1147.48       0.055998      10035.5       
40            0.568293      0.578229                    1279.15       0.0502335     9002.39       
41            0.550558      0.564112                    865.311       0.0742582     13307.9       
42            0.550218      0.547571                    959.366       0.0669779     12003.2       
43            0.533393      0.532294                    1392.02       0.0461605     8272.47       
44            0.536413      0.520659                    2106.84       0.0304989     5465.74       
45            0.523162      0.494421                    2520.69       0.0292944     4568.38       
46            0.500073      0.472373                    2370.2        0.0282778     4858.44       
47            0.461081      0.208482                    1824.68       0.0352152     6310.96       
48            0.446227      0.35746                     1542.51       0.041657      7465.4        
49            0.432112      0.458249                    2577.12       0.0297893     4468.34       
50            0.097743      0.524308                    1937.54       0.0331638     5943.33       
51            0.398462      0.563793                    1523.7        0.0421713     7557.57       
52            0.462827      0.559506                    1655.38       0.0388168     6956.4        
53            0.515128      0.54497                     1523.7        0.0421713     7557.57       
54            0.554183      0.516155                    1523.7        0.0421713     7557.57       
55            0.536339      0.494133                    2370.2        0.0282778     4858.44       

*********************************************************************************************

Branch_ID     Pipe_ID       Junc_ID       N_segments    Flow_Corr     Disp_Corr     Rw_Corr       
B1            P3            i3            1             1             1             1             

	Chlorine(mg/l) Results                            	Pipe Results
Time          EPANET        WUDESIM                     Reyn_WUDESIM  Pecl_WUDESIM  ResT_WUDESIM  
0             0.2           0.2                         2097.09       0.0194996     3494.55       
1             0.192626      0.196109                    1730.93       0.0236245     4233.78       
2             0.186144      0.189705                    1614.43       0.0253294     4539.31       
3             0.180517      0.182432                    1614.43       0.0253294     4539.31       
4             0.175138      0.175534                    1481.28       0.0276062     4947.34       
5             0.16979       0.168939                    1980.58       0.0206467     3700.11       
6             0.164167      0.162739                    2130.38       0.0191949     3439.95       
7             0.15747       0.156503                    1115.12       0.0366709     6571.84       
8             0.15181       0.150535                    1115.12       0.0366709     6571.84       
9             0.146633      0.144917                    2230.24       0.0183355     3285.92       
10            0.140777      0.182837                    4094.32       1121.28       1789.89       
11            0.133184      0.140189                    1614.43       0.0253294     4539.31       
12            0.193159      0.506305                    1531.21       0.026706      4786.01       
13            0.18685       0.540552                    1131.76       0.0361316     6475.19       
14            0.534793      0.540061                    2380.03       0.0180303     3079.11       
15            0.524378      0.531112                    1015.26       0.0402779     7218.25       
16            0.507751      0.532028                    515.95        0.0792565     14203.6       
17            0.539362      0.519421                    1298.2        0.0314994     5645.04       
18            0.5387        0.505651                    615.812       0.0664041     11900.4       
19            0.522217      0.489044                    1115.12       0.0366709     6571.84       
20            0.516197      0.47447                     2097.09       0.0194996     3494.55       
21            0.508291      0.463119                    2596.4        0.0190755     2822.52       
22            0.487476      0.21877                     1980.58       0.0206467     3700.11       
23            0.455033      0.346175                    2097.09       0.0194996     3494.55       
24            0.440388      0.497777                    998.614       0.0409492     7338.55       
25            0.426441      0.51379                     1830.79       0.0223359     4002.85       
26            0.0761312     0.539276                    1714.29       0.0238539     4274.88       
27            0.379833      0.54862                     1214.98       0.0336569     6031.69       
28            0.447332      0.534179                    1464.63       0.0279199     5003.56       
29            0.49397       0.508298                    1764.22       0.0231788     4153.9        
30            0.527041      0.489175                    1647.71       0.0248177     4447.61       
31            0.509726      0.474127                    2862.69       0.0213519     2559.96       
32            0.496583      0.253543                    1864.08       0.0219371     3931.37       
33            0.461577      0.151133                    2230.24       0.0183355     3285.92       
34            0.445453      0.386582                    1864.08       0.0219371     3931.37       
35            0.0939486     0.51321                     1614.43       0.0253294     4539.31       
36            0.090874      0.546432                    1730.93       0.0236245     4233.78       
37            0.0878785     0.561908                    1914.01       0.0213648     3828.81       
38            0.436151      0.5693                      1514.56       0.0269995     4838.61       
39            0.526413      0.572567                    1015.26       0.0402779     7218.25       
40            0.509721      0.561586                    1131.76       0.0361316     6475.19       
41            0.526499      0.548783                    765.604       0.053412      9572.02       
42            0.533127      0.533423                    848.822       0.0481755     8633.59       
43            0.51644       0.518815                    1231.62       0.0332021     5950.18       
44            0.515963      0.508205                    1864.08       0.0219371     3931.37       
45            0.520861      0.485799                    2230.24       0.0183355     3285.92       
46            0.502675      0.464906                    2097.09       0.0194996     3494.55       
47            0.483278      0.232841                    1614.43       0.0253294     4539.31       
48            0.467425      0.33749                     1364.77       0.0299628     5369.67       
49            0.431828      0.43834                     2280.17       0.017934      3213.96       
50            0.418061      0.507002                    1714.29       0.0238539     4274.88       
51            0.0947904     0.543773                    1348.13       0.0303327     5435.96       
52            0.385503      0.542703                    1464.63       0.0279199     5003.56       
53            0.447697      0.530627                    1348.13       0.0303327     5435.96       
54            0.498458      0.505891                    1348.13       0.0303327     5435.96       
55            0.482323      0.484314                    2097.09       0.0194996     3494.55       

*********************************************************************************************

Branch_ID     Pipe_ID       Junc_ID       N_segments    Flow_Corr     Disp_Corr     Rw_Corr       
B1            P4            i4            1             1             1             1             

	Chlorine(mg/l) Results                            	Pipe Results
Time          EPANET        WUDESIM                     Reyn_WUDESIM  Pecl_WUDESIM  ResT_WUDESIM  
0             0.2           0.2                         1878.2        0.0262814     4709.92       
1             0.193243      0.195056                    1550.26       0.031841      5706.25       
2             0.186622      0.188643                    1445.91       0.0341388     6118.05       
3             0.180504      0.181337                    1445.91       0.0341388     6118.05       
4             0.174823      0.174402                    1326.66       0.0372074     6667.98       
5             0.169435      0.167775                    1773.85       0.0278274     4986.98       
6             0.164095      0.161591                    1908.01       0.0258708     4636.33       
7             0.158409      0.155398                    998.724       0.0494248     8857.47       
8             0.153013      0.149406                    998.724       0.0494248     8857.47       
9             0.14776       0.143765                    1997.45       0.0247124     4428.73       
10            0.142004      0.174514                    3666.96       0.0687091     2412.4        
11            0.133825      0.136804                    1445.91       0.0341388     6118.05       
12            0.129253      0.452453                    1371.38       0.0359941     6450.55       
13            0.125121      0.494574                    1013.63       0.0486979     8727.21       
14            0.153801      0.498247                    2131.6        0.0231571     4150          
15            0.515864      0.4982                      909.286       0.0542862     9728.69       
16            0.50234       0.499132                    462.096       0.106821      19143.6       
17            0.487733      0.488283                    1162.69       0.0424546     7608.34       
18            0.472327      0.480564                    551.534       0.0894989     16039.2       
19            0.45817       0.465986                    998.724       0.0494248     8857.47       
20            0.49073       0.453128                    1878.2        0.0262814     4709.92       
21            0.48936       0.445328                    2325.39       0.0215491     3804.17       
22            0.482794      0.239881                    1773.85       0.0278274     4986.98       
23            0.474364      0.326006                    1878.2        0.0262814     4709.92       
24            0.440241      0.466552                    894.38        0.055191      9890.84       
25            0.426589      0.481847                    1639.7        0.0301042     5395          
26            0.412765      0.510494                    1535.35       0.0321501     5761.65       
27            0.0736877     0.520909                    1088.16       0.0453625     8129.46       
28            0.0713712     0.511189                    1311.76       0.0376302     6743.75       
29            0.356114      0.490132                    1580.07       0.0312402     5598.59       
30            0.478203      0.473246                    1475.73       0.0334491     5994.45       
31            0.475773      0.460224                    2563.89       0.0227903     3450.29       
32            0.509527      0.274781                    1669.51       0.0295666     5298.66       
33            0.480338      0.172194                    1997.45       0.0247124     4428.73       
34            0.446163      0.361163                    1669.51       0.0295666     5298.66       
35            0.431492      0.479696                    1445.91       0.0341388     6118.05       
36            0.417645      0.514011                    1550.26       0.031841      5706.25       
37            0.0879506     0.531426                    1714.23       0.0287953     5160.44       
38            0.0851808     0.541495                    1356.48       0.0363897     6521.43       
39            0.423534      0.545124                    909.286       0.0542862     9728.69       
40            0.410389      0.536815                    1013.63       0.0486979     8727.21       
41            0.494074      0.526122                    685.691       0.0719883     12901.1       
42            0.479042      0.512372                    760.223       0.0649306     11636.3       
43            0.464361      0.499065                    1103.07       0.0447495     8019.6        
44            0.4793        0.489869                    1669.51       0.0295666     5298.66       
45            0.484182      0.472308                    1997.45       0.0247124     4428.73       
46            0.50347       0.45368                     1878.2        0.0262814     4709.92       
47            0.485543      0.261385                    1445.91       0.0341388     6118.05       
48            0.468905      0.319714                    1222.32       0.0403837     7237.2        
49            0.453951      0.413998                    2042.17       0.0241712     4331.75       
50            0.41791       0.482419                    1535.35       0.0321501     5761.65       
51            0.404454      0.515545                    1207.41       0.0408822     7326.55       
52            0.391644      0.517793                    1311.76       0.0376302     6743.75       
53            0.0889174     0.509048                    1207.41       0.0408822     7326.55       
54            0.361338      0.489405                    1207.41       0.0408822     7326.55       
55            0.419712      0.469451                    1878.2        0.0262814     4709.92       

*********************************************************************************************

Branch_ID     Pipe_ID       Junc_ID       N_segments    Flow_Corr     Disp_Corr     Rw_Corr       
B1            P5            i5            1             1             1             1             

	Chlorine(mg/l) Results                            	Pipe Results
Time          EPANET        WUDESIM                     Reyn_WUDESIM  Pecl_WUDESIM  ResT_WUDESIM  
0             0.2           0.2                         1610.54       0.0241077     4320.37       
1             0.193383      0.194131                    1329.34       0.0292074     5234.29       
2             0.186937      0.187564                    1239.86       0.0313151     5612.02       
3             0.180721      0.180219                    1239.86       0.0313151     5612.02       
4             0.174818      0.173247                    1137.6        0.03413       6116.47       
5             0.169264      0.166589                    1521.07       0.0255258     4574.5        
6             0.16388       0.160401                    1636.11       0.023731      4252.86       
7             0.158544      0.154246                    856.399       0.0453368     8124.87       
8             0.153435      0.14825                     856.399       0.0453368     8124.87       
9             0.148379      0.142605                    1712.8        0.0226684     4062.43       
10            0.142833      0.166946                    3144.39       0.0245335     2212.87       
11            0.134721      0.135383                    1239.86       0.0313151     5612.02       
12            0.129885      0.399741                    1175.95       0.033017      5917.02       
13            0.125436      0.446341                    869.181       0.0446701     8005.38       
14            0.121386      0.45417                     1827.84       0.0212417     3806.76       
15            0.117352      0.463092                    779.707       0.0497962     8924.03       
16            0.169582      0.464931                    396.244       0.0979861     17560.2       
17            0.16453       0.456009                    997.002       0.0389432     6979.05       
18            0.471629      0.45311                     472.937       0.0820965     14712.6       
19            0.457565      0.440846                    856.399       0.0453368     8124.87       
20            0.443331      0.430403                    1610.54       0.0241077     4320.37       
21            0.474603      0.42629                     1994          0.0194716     3489.53       
22            0.478952      0.257217                    1521.07       0.0255258     4574.5        
23            0.463534      0.312888                    1610.54       0.0241077     4320.37       
24            0.458623      0.4367                      766.925       0.0506261     9072.77       
25            0.444318      0.450713                    1406.03       0.0276143     4948.78       
26            0.412662      0.480492                    1316.55       0.029491      5285.11       
27            0.399319      0.492137                    933.092       0.0416105     7457.07       
28            0.386687      0.486177                    1124.82       0.0345178     6185.98       
29            0.0691626     0.470011                    1354.9        0.0286563     5135.53       
30            0.072797      0.456184                    1265.43       0.0306825     5498.65       
31            0.333406      0.445362                    2198.52       0.0176603     3164.92       
32            0.472181      0.290579                    1431.59       0.0271211     4860.41       
33            0.473424      0.194638                    1712.8        0.0226684     4062.43       
34            0.476635      0.341588                    1431.59       0.0271211     4860.41       
35            0.431622      0.447148                    1239.86       0.0313151     5612.02       
36            0.417646      0.480845                    1329.34       0.0292074     5234.29       
37            0.404089      0.4997                      1469.94       0.0264136     4733.62       
38            0.0851261     0.512256                    1163.17       0.0333799     5982.04       
39            0.0824128     0.516832                    779.707       0.0497962     8924.03       
40            0.0798393     0.510712                    869.181       0.0446701     8005.38       
41            0.0773266     0.502274                    587.975       0.0660341     11834         
42            0.385293      0.490168                    651.886       0.0595602     10673.8       
43            0.373414      0.478409                    945.874       0.0410482     7356.3        
44            0.449562      0.470658                    1431.59       0.0271211     4860.41       
45            0.463634      0.45741                     1712.8        0.0226684     4062.43       
46            0.468171      0.441683                    1610.54       0.0241077     4320.37       
47            0.466944      0.284389                    1239.86       0.0313151     5612.02       
48            0.470019      0.311777                    1048.13       0.0370435     6638.61       
49            0.45456       0.393479                    1751.14       0.022172      3973.47       
50            0.439263      0.457494                    1316.55       0.029491      5285.11       
51            0.404377      0.487143                    1035.35       0.0375008     6720.57       
52            0.391538      0.49158                     1124.82       0.0345178     6185.98       
53            0.378914      0.485995                    1035.35       0.0375008     6720.57       
54            0.0861115     0.470858                    1035.35       0.0375008     6720.57       
55            0.0833669     0.453443                    1610.54       0.0241077     4320.37       

*********************************************************************************************

Branch_ID     Pipe_ID       Junc_ID       N_segments    Flow_Corr     Disp_Corr     Rw_Corr       
B1            P6            i6            1             1             1             1             

	Chlorine(mg/l) Results                            	Pipe Results
Time          EPANET        WUDESIM                     Reyn_WUDESIM  Pecl_WUDESIM  ResT_WUDESIM  
0             0.2           0.2                         1238.88       0.0320362     5741.24       
1             0.193512      0.192793                    1022.57       0.0388131     6955.73       
2             0.187248      0.185783                    953.742       0.041614      7457.69       
3             0.181144      0.178367                    953.742       0.041614      7457.69       
4             0.175214      0.171331                    875.083       0.0453546     8128.05       
5             0.169555      0.164629                    1170.06       0.0339207     6078.96       
6             0.163997      0.158397                    1258.55       0.0315356     5651.53       
7             0.15865       0.152295                    658.771       0.0602472     10797         
8             0.153702      0.146342                    658.771       0.0602472     10797         
9             0.148846      0.140711                    1317.54       0.0301236     5398.48       
10            0.143612      0.155552                    2418.77       0.0176413     2940.64       
11            0.135976      0.134069                    953.742       0.041614      7457.69       
12            0.131086      0.315657                    904.58        0.0438756     7863          
13            0.126452      0.364197                    668.603       0.0593612     10638.2       
14            0.122241      0.378756                    1406.03       0.0282277     5058.72       
15            0.117819      0.402493                    599.776       0.0661731     11859         
16            0.114228      0.407209                    304.804       0.130212      23335.4       
17            0.110889      0.401692                    766.927       0.0517508     9274.31       
18            0.107436      0.40494                     363.799       0.109096      19551.3       
19            0.121888      0.396817                    658.771       0.0602472     10797         
20            0.149917      0.391159                    1238.88       0.0320362     5741.24       
21            0.42903       0.393359                    1533.85       0.0258754     4637.16       
22            0.414978      0.280992                    1170.06       0.0339207     6078.96       
23            0.444197      0.300845                    1238.88       0.0320362     5741.24       
24            0.448367      0.389596                    589.944       0.067276      12056.6       
25            0.434661      0.40097                     1081.56       0.036696      6576.33       
26            0.430333      0.42962                     1012.74       0.0391899     7023.26       
27            0.416661      0.443478                    717.765       0.0552953     9909.54       
28            0.387043      0.442522                    865.251       0.04587       8220.41       
29            0.374819      0.434348                    1042.23       0.0380807     6824.49       
30            0.362886      0.426643                    973.407       0.0407733     7307.03       
31            0.0648934     0.419682                    1691.17       0.0234684     4205.79       
32            0.322433      0.313595                    1101.23       0.0360407     6458.9        
33            0.433204      0.233281                    1317.54       0.0301236     5398.48       
34            0.458146      0.31738                     1101.23       0.0360407     6458.9        
35            0.461238      0.395098                    953.742       0.041614      7457.69       
36            0.435287      0.425442                    1022.57       0.0388131     6955.73       
37            0.404462      0.445951                    1130.73       0.0351005     6290.4        
38            0.391412      0.462328                    894.748       0.0443578     7949.41       
39            0.379087      0.469236                    599.776       0.0661731     11859         
40            0.0799002     0.466233                    668.603       0.0593612     10638.2       
41            0.0774114     0.461534                    452.29        0.0877513     15726         
42            0.0750865     0.452306                    501.452       0.0791482     14184.2       
43            0.0728169     0.443281                    727.597       0.0545481     9775.63       
44            0.0705577     0.437973                    1101.23       0.0360407     6458.9        
45            0.350365      0.431068                    1317.54       0.0301236     5398.48       
46            0.421182      0.420957                    1238.88       0.0320362     5741.24       
47            0.434118      0.314675                    953.742       0.041614      7457.69       
48            0.438754      0.311705                    806.257       0.0492263     8821.91       
49            0.438143      0.365378                    1347.04       0.0294639     5280.26       
50            0.439987      0.416132                    1012.74       0.0391899     7023.26       
51            0.425628      0.44031                     796.424       0.0498341     8930.82       
52            0.412337      0.446885                    865.251       0.04587       8220.41       
53            0.399385      0.446183                    796.424       0.0498341     8930.82       
54            0.367286      0.437692                    796.424       0.0498341     8930.82       
55            0.355817      0.425586                    1238.88       0.0320362     5741.24       

*********************************************************************************************

Branch_ID     Pipe_ID       Junc_ID       N_segments    Flow_Corr     Disp_Corr     Rw_Corr       
B1            P7            10            1             1             1             1             

	Chlorine(mg/l) Results                            	Pipe Results
Time          EPANET        WUDESIM                     Reyn_WUDESIM  Pecl_WUDESIM  ResT_WUDESIM  
0             0.2           0.2                         891.057       0.0467077     8370.54       
1             0.193688      0.190413                    735.475       0.0565882     10141.2       
2             0.187601      0.182267                    685.972       0.0606719     10873.1       
3             0.181679      0.174695                    685.972       0.0606719     10873.1       
4             0.175885      0.167531                    629.397       0.0661255     11850.4       
5             0.17029       0.160748                    841.553       0.0494552     8862.93       
6             0.164683      0.154387                    905.2         0.0459779     8239.75       
7             0.159238      0.148378                    473.816       0.0878384     15741.6       
8             0.154324      0.142559                    473.816       0.0878384     15741.6       
9             0.149544      0.136981                    947.632       0.0439192     7870.81       
10            0.144482      0.134596                    1739.68       0.0239235     4287.35       
11            0.138325      0.13161                     685.972       0.0606719     10873.1       
12            0.133319      0.154666                    650.613       0.0639693     11464         
13            0.128558      0.198443                    480.888       0.0865467     15510.1       
14            0.124228      0.225739                    1011.28       0.0411551     7375.44       
15            0.119429      0.279278                    431.385       0.0964783     17290         
16            0.115568      0.291217                    219.228       0.189844      34022.2       
17            0.112137      0.291789                    551.606       0.0754509     13521.6       
18            0.108443      0.305767                    261.659       0.159059      28505.1       
19            0.105217      0.305443                    473.816       0.0878384     15741.6       
20            0.102059      0.310901                    891.057       0.0467077     8370.54       
21            0.0988576     0.326273                    1103.21       0.0377255     6760.82       
22            0.140598      0.321147                    841.553       0.0494552     8862.93       
23            0.402231      0.290369                    891.057       0.0467077     8370.54       
24            0.389612      0.299689                    424.313       0.0980862     17578.1       
25            0.378007      0.304952                    777.907       0.0535016     9588.08       
26            0.404429      0.327308                    728.403       0.0571376     10239.7       
27            0.412008      0.345739                    516.247       0.0806188     14447.8       
28            0.399676      0.352934                    622.325       0.066877      11985.1       
29            0.387453      0.36042                     749.619       0.0555205     9949.89       
30            0.375447      0.366367                    700.116       0.0594462     10653.4       
31            0.352057      0.36734                     1216.36       0.0342161     6131.91       
32            0.340761      0.35472                     792.05        0.0525462     9416.86       
33            0.0608497     0.311685                    947.632       0.0439192     7870.81       
34            0.302352      0.280888                    792.05        0.0525462     9416.86       
35            0.406458      0.294741                    685.972       0.0606719     10873.1       
36            0.404969      0.31511                     735.475       0.0565882     10141.2       
37            0.416751      0.337877                    813.266       0.0511754     9171.2        
38            0.419448      0.361442                    643.541       0.0646722     11590         
39            0.395803      0.373893                    431.385       0.0964783     17290         
40            0.36811       0.376271                    480.888       0.0865467     15510.1       
41            0.357051      0.378914                    325.306       0.127939      22928         
42            0.346604      0.375378                    360.666       0.115396      20680.2       
43            0.336392      0.372013                    523.319       0.0795294     14252.5       
44            0.326227      0.371924                    792.05        0.0525462     9416.86       
45            0.0684623     0.376618                    947.632       0.0439192     7870.81       
46            0.066305      0.378776                    891.057       0.0467077     8370.54       
47            0.328748      0.363751                    685.972       0.0606719     10873.1       
48            0.395559      0.329277                    579.894       0.0717704     12862.1       
49            0.383521      0.318295                    968.847       0.0429575     7698.46       
50            0.412196      0.334241                    728.403       0.0571376     10239.7       
51            0.411429      0.347889                    572.822       0.0726565     13020.8       
52            0.398919      0.356582                    622.325       0.066877      11985.1       
53            0.40026       0.365031                    572.822       0.0726565     13020.8       
54            0.388005      0.368577                    572.822       0.0726565     13020.8       
55            0.376208      0.368418                    891.057       0.0467077     8370.54       

*********************************************************************************************

